Package: all-the-icons
Fetcher: github
Source:  https://github.com/domtronn/all-the-icons.el.git

Updating /home/kimr/repos/my/melpa/working/all-the-icons/
Checking out origin/HEAD
Checking out e01eeb40858f971e45c014726a14c75556d8cc8f
Copying files (->) and directories (=>)
  from /home/kimr/repos/my/melpa/working/all-the-icons/
  to /tmp/all-the-iconsoI0HqI/all-the-icons-20210728.2330
    all-the-icons-faces.el -> all-the-icons-faces.el
    all-the-icons.el -> all-the-icons.el
    data => data
Created all-the-icons-20210728.2330.tar containing:
  all-the-icons-20210728.2330/
  all-the-icons-20210728.2330/all-the-icons-faces.el
  all-the-icons-20210728.2330/all-the-icons-pkg.el
  all-the-icons-20210728.2330/all-the-icons.el
  all-the-icons-20210728.2330/data/
  all-the-icons-20210728.2330/data/data-alltheicons.el
  all-the-icons-20210728.2330/data/data-faicons.el
  all-the-icons-20210728.2330/data/data-fileicons.el
  all-the-icons-20210728.2330/data/data-material.el
  all-the-icons-20210728.2330/data/data-octicons.el
  all-the-icons-20210728.2330/data/data-weathericons.el
Built all-the-icons in 0.634s, finished at 2021-08-08T16:17:40+0000
 ✓ Success:
4.0K -rw-rw-r-- 1 kimr kimr  393 Jul 20 14:30 packages/all-the-icons-20210703.2203.entry
192K -rw-rw-r-- 1 kimr kimr 190K Jul 20 14:30 packages/all-the-icons-20210703.2203.tar
4.0K -rw-rw-r-- 1 kimr kimr  393 Aug  8 09:17 packages/all-the-icons-20210728.2330.entry
192K -rw-rw-r-- 1 kimr kimr 190K Aug  8 09:17 packages/all-the-icons-20210728.2330.tar
4.0K -rw-rw-r-- 1 kimr kimr 1.2K Aug  8 09:17 packages/all-the-icons-badge.svg
4.0K -rw-rw-r-- 1 kimr kimr 1010 Aug  8 09:17 packages/all-the-icons-readme.txt
