Package: annalist
Fetcher: github
Source:  https://github.com/noctuid/annalist.el.git

Updating /home/kimr/repos/my/melpa/working/annalist/
Copying files (->) and directories (=>)
  from /home/kimr/repos/my/melpa/working/annalist/
  to /tmp/annalistnSpMp2/annalist-20190929.207
    annalist.el -> annalist.el
    annalist.texi -> annalist.texi
Created /tmp/annalistnSpMp2/annalist-20190929.207/annalist.info
Created annalist-20190929.207.tar containing:
  annalist-20190929.207/
  annalist-20190929.207/annalist-pkg.el
  annalist-20190929.207/annalist.el
  annalist-20190929.207/annalist.info
  annalist-20190929.207/dir
Built annalist in 1.283s, finished at Fri Mar 12 19:27:27 2021
 ✓ Success:
4.0K -rw-rw-r-- 1 kimr kimr  433 Mar 12 19:27 packages/annalist-20190929.207.entry
 72K -rw-rw-r-- 1 kimr kimr  70K Mar 12 19:27 packages/annalist-20190929.207.tar
4.0K -rw-rw-r-- 1 kimr kimr 1.2K Mar 12 19:27 packages/annalist-badge.svg
4.0K -rw-rw-r-- 1 kimr kimr  168 Mar 12 19:27 packages/annalist-readme.txt
