Package: ccls
Fetcher: github
Source:  https://github.com/MaskRay/emacs-ccls.git

Updating /home/kimr/repos/my/melpa/working/ccls/
Checking out origin/HEAD
Checking out 675a5704c14a27931e835a431beea3631d92e8e6
Copying files (->) and directories (=>)
  from /home/kimr/repos/my/melpa/working/ccls/
  to /tmp/cclsWEN5BG/ccls-20200820.308
    ccls-call-hierarchy.el -> ccls-call-hierarchy.el
    ccls-code-lens.el -> ccls-code-lens.el
    ccls-common.el -> ccls-common.el
    ccls-inheritance-hierarchy.el -> ccls-inheritance-hierarchy.el
    ccls-member-hierarchy.el -> ccls-member-hierarchy.el
    ccls-semantic-highlight.el -> ccls-semantic-highlight.el
    ccls-tree.el -> ccls-tree.el
    ccls.el -> ccls.el
Created ccls-20200820.308.tar containing:
  ccls-20200820.308/
  ccls-20200820.308/ccls-call-hierarchy.el
  ccls-20200820.308/ccls-code-lens.el
  ccls-20200820.308/ccls-common.el
  ccls-20200820.308/ccls-inheritance-hierarchy.el
  ccls-20200820.308/ccls-member-hierarchy.el
  ccls-20200820.308/ccls-pkg.el
  ccls-20200820.308/ccls-semantic-highlight.el
  ccls-20200820.308/ccls-tree.el
  ccls-20200820.308/ccls.el
Built ccls in 0.659s, finished at 2021-10-19T04:48:55+0000
 ✓ Success:
4.0K -rw-rw-r-- 1 kimr kimr  379 Oct 18 21:48 packages/ccls-20200820.308.entry
 72K -rw-rw-r-- 1 kimr kimr  70K Oct 18 21:48 packages/ccls-20200820.308.tar
4.0K -rw-rw-r-- 1 kimr kimr 1.2K Oct 18 21:48 packages/ccls-badge.svg
4.0K -rw-rw-r-- 1 kimr kimr  122 Oct 18 21:48 packages/ccls-readme.txt
