Package: clj-refactor
Fetcher: github
Source:  https://github.com/clojure-emacs/clj-refactor.el.git

Updating /home/kimr/repos/my/melpa/working/clj-refactor/
Copying files (->) and directories (=>)
  from /home/kimr/repos/my/melpa/working/clj-refactor/
  to /tmp/clj-refactoruvSuJH/clj-refactor-20210413.733
    clj-refactor-compat.el -> clj-refactor-compat.el
    clj-refactor.el -> clj-refactor.el
    CHANGELOG.md -> CHANGELOG.md
Created clj-refactor-20210413.733.tar containing:
  clj-refactor-20210413.733/
  clj-refactor-20210413.733/CHANGELOG.md
  clj-refactor-20210413.733/clj-refactor-compat.el
  clj-refactor-20210413.733/clj-refactor-pkg.el
  clj-refactor-20210413.733/clj-refactor.el
Built clj-refactor in 1.039s, finished at Mon May 17 20:42:54 2021
 ✓ Success:
4.0K -rw-rw-r-- 1 kimr kimr  707 Mar 15 09:59 packages/clj-refactor-20210311.1802.entry
192K -rw-rw-r-- 1 kimr kimr 190K Mar 15 09:59 packages/clj-refactor-20210311.1802.tar
4.0K -rw-rw-r-- 1 kimr kimr  706 May 17 20:42 packages/clj-refactor-20210413.733.entry
192K -rw-rw-r-- 1 kimr kimr 190K May 17 20:42 packages/clj-refactor-20210413.733.tar
4.0K -rw-rw-r-- 1 kimr kimr 1.2K May 17 20:42 packages/clj-refactor-badge.svg
4.0K -rw-rw-r-- 1 kimr kimr   66 May 17 20:42 packages/clj-refactor-readme.txt
