Package: consult
Fetcher: github
Source:  https://github.com/minad/consult.git

Cloning https://github.com/minad/consult.git to /home/kimr/repos/my/melpa/working/consult/
Checking out origin/HEAD
Checking out 105a1ac50169382368a36ed53d7af908d02ffa07
Copying files (->) and directories (=>)
  from /home/kimr/repos/my/melpa/working/consult/
  to /tmp/consultn83c2f/consult-20210818.1128
    consult-compile.el -> consult-compile.el
    consult-flymake.el -> consult-flymake.el
    consult-icomplete.el -> consult-icomplete.el
    consult-imenu.el -> consult-imenu.el
    consult-org.el -> consult-org.el
    consult-register.el -> consult-register.el
    consult-selectrum.el -> consult-selectrum.el
    consult-vertico.el -> consult-vertico.el
    consult-xref.el -> consult-xref.el
    consult.el -> consult.el
Created consult-20210818.1128.tar containing:
  consult-20210818.1128/
  consult-20210818.1128/consult-compile.el
  consult-20210818.1128/consult-flymake.el
  consult-20210818.1128/consult-icomplete.el
  consult-20210818.1128/consult-imenu.el
  consult-20210818.1128/consult-org.el
  consult-20210818.1128/consult-pkg.el
  consult-20210818.1128/consult-register.el
  consult-20210818.1128/consult-selectrum.el
  consult-20210818.1128/consult-vertico.el
  consult-20210818.1128/consult-xref.el
  consult-20210818.1128/consult.el
Built consult in 2.176s, finished at 2021-08-26T04:57:50+0000
 ✓ Success:
4.0K -rw-rw-r-- 1 kimr kimr  327 Aug 25 21:57 packages/consult-20210818.1128.entry
240K -rw-rw-r-- 1 kimr kimr 240K Aug 25 21:57 packages/consult-20210818.1128.tar
4.0K -rw-rw-r-- 1 kimr kimr 1.2K Aug 25 21:57 packages/consult-badge.svg
4.0K -rw-rw-r-- 1 kimr kimr  854 Aug 25 21:57 packages/consult-readme.txt
