Package: cquery
Fetcher: github
Source:  https://github.com/cquery-project/emacs-cquery.git

Updating /home/kimr/repos/my/melpa/working/cquery/
Checking out origin/HEAD
Checking out 555e50984ebda177421fdcdc8c76cb29235d9694
Copying files (->) and directories (=>)
  from /home/kimr/repos/my/melpa/working/cquery/
  to /tmp/cqueryOGuEOq/cquery-20190118.542
    cquery-call-hierarchy.el -> cquery-call-hierarchy.el
    cquery-code-lens.el -> cquery-code-lens.el
    cquery-common.el -> cquery-common.el
    cquery-inheritance-hierarchy.el -> cquery-inheritance-hierarchy.el
    cquery-semantic-highlighting.el -> cquery-semantic-highlighting.el
    cquery-tree.el -> cquery-tree.el
    cquery.el -> cquery.el
Created cquery-20190118.542.tar containing:
  cquery-20190118.542/
  cquery-20190118.542/cquery-call-hierarchy.el
  cquery-20190118.542/cquery-code-lens.el
  cquery-20190118.542/cquery-common.el
  cquery-20190118.542/cquery-inheritance-hierarchy.el
  cquery-20190118.542/cquery-pkg.el
  cquery-20190118.542/cquery-semantic-highlighting.el
  cquery-20190118.542/cquery-tree.el
  cquery-20190118.542/cquery.el
Built cquery in 0.327s, finished at 2021-10-19T04:49:20+0000
 ✓ Success:
4.0K -rw-rw-r-- 1 kimr kimr  352 Oct 18 21:49 packages/cquery-20190118.542.entry
 72K -rw-rw-r-- 1 kimr kimr  70K Oct 18 21:49 packages/cquery-20190118.542.tar
4.0K -rw-rw-r-- 1 kimr kimr 1.2K Oct 18 21:49 packages/cquery-badge.svg
4.0K -rw-rw-r-- 1 kimr kimr   60 Oct 18 21:49 packages/cquery-readme.txt
