Package: dash-docs
Fetcher: github
Source:  https://github.com/dash-docs-el/dash-docs.git

Updating /home/kimr/repos/my/melpa/working/dash-docs/
Checking out origin/HEAD
Checking out 29848b6b347ac520f7646c200ed2ec36cea3feda
Copying files (->) and directories (=>)
  from /home/kimr/repos/my/melpa/working/dash-docs/
  to /tmp/dash-docstoZb90/dash-docs-20210830.926
    dash-docs.el -> dash-docs.el
    use-package-dash-docs.el -> use-package-dash-docs.el
Created dash-docs-20210830.926.tar containing:
  dash-docs-20210830.926/
  dash-docs-20210830.926/dash-docs-pkg.el
  dash-docs-20210830.926/dash-docs.el
  dash-docs-20210830.926/use-package-dash-docs.el
Built dash-docs in 0.462s, finished at 2021-10-19T04:49:27+0000
 ✓ Success:
4.0K -rw-rw-r-- 1 kimr kimr  534 Oct 18 21:49 packages/dash-docs-20210830.926.entry
 40K -rw-rw-r-- 1 kimr kimr  40K Oct 18 21:49 packages/dash-docs-20210830.926.tar
4.0K -rw-rw-r-- 1 kimr kimr 1.2K Oct 18 21:49 packages/dash-docs-badge.svg
4.0K -rw-rw-r-- 1 kimr kimr  143 Oct 18 21:49 packages/dash-docs-readme.txt
