Package: diff-hl
Fetcher: github
Source:  https://github.com/dgutov/diff-hl.git

Updating /home/kimr/repos/my/melpa/working/diff-hl/
Checking out origin/HEAD
Checking out 40c89a7b0d2590b1e094128f3f1d6dc87bf14ce9
Copying files (->) and directories (=>)
  from /home/kimr/repos/my/melpa/working/diff-hl/
  to /tmp/diff-hlzf3H7z/diff-hl-20210909.207
    diff-hl-amend.el -> diff-hl-amend.el
    diff-hl-dired.el -> diff-hl-dired.el
    diff-hl-flydiff.el -> diff-hl-flydiff.el
    diff-hl-inline-popup.el -> diff-hl-inline-popup.el
    diff-hl-margin.el -> diff-hl-margin.el
    diff-hl-show-hunk-posframe.el -> diff-hl-show-hunk-posframe.el
    diff-hl-show-hunk.el -> diff-hl-show-hunk.el
    diff-hl.el -> diff-hl.el
Created diff-hl-20210909.207.tar containing:
  diff-hl-20210909.207/
  diff-hl-20210909.207/diff-hl-amend.el
  diff-hl-20210909.207/diff-hl-dired.el
  diff-hl-20210909.207/diff-hl-flydiff.el
  diff-hl-20210909.207/diff-hl-inline-popup.el
  diff-hl-20210909.207/diff-hl-margin.el
  diff-hl-20210909.207/diff-hl-pkg.el
  diff-hl-20210909.207/diff-hl-show-hunk-posframe.el
  diff-hl-20210909.207/diff-hl-show-hunk.el
  diff-hl-20210909.207/diff-hl.el
Built diff-hl in 0.211s, finished at 2021-09-18T13:12:59+0000
 ✓ Success:
4.0K -rw-rw-r-- 1 kimr kimr  377 Jul 20 14:31 packages/diff-hl-20210716.241.entry
112K -rw-rw-r-- 1 kimr kimr 110K Jul 20 14:31 packages/diff-hl-20210716.241.tar
4.0K -rw-rw-r-- 1 kimr kimr  377 Sep 18 06:12 packages/diff-hl-20210909.207.entry
112K -rw-rw-r-- 1 kimr kimr 110K Sep 18 06:12 packages/diff-hl-20210909.207.tar
4.0K -rw-rw-r-- 1 kimr kimr 1.2K Sep 18 06:12 packages/diff-hl-badge.svg
4.0K -rw-rw-r-- 1 kimr kimr  797 Sep 18 06:12 packages/diff-hl-readme.txt
