Package: elfeed
Fetcher: github
Source:  https://github.com/skeeto/elfeed.git

Updating /home/kimr/repos/my/melpa/working/elfeed/
Checking out origin/HEAD
Checking out 243add9e74003cd5718f33482b7bb8b4fe140fb5
Copying files (->) and directories (=>)
  from /home/kimr/repos/my/melpa/working/elfeed/
  to /tmp/elfeedyTKuy1/elfeed-20210606.1130
    elfeed-csv.el -> elfeed-csv.el
    elfeed-curl.el -> elfeed-curl.el
    elfeed-db.el -> elfeed-db.el
    elfeed-lib.el -> elfeed-lib.el
    elfeed-link.el -> elfeed-link.el
    elfeed-log.el -> elfeed-log.el
    elfeed-pkg.el -> elfeed-pkg.el
    elfeed-search.el -> elfeed-search.el
    elfeed-show.el -> elfeed-show.el
    elfeed.el -> elfeed.el
    xml-query.el -> xml-query.el
Created elfeed-20210606.1130.tar containing:
  elfeed-20210606.1130/
  elfeed-20210606.1130/elfeed-csv.el
  elfeed-20210606.1130/elfeed-curl.el
  elfeed-20210606.1130/elfeed-db.el
  elfeed-20210606.1130/elfeed-lib.el
  elfeed-20210606.1130/elfeed-link.el
  elfeed-20210606.1130/elfeed-log.el
  elfeed-20210606.1130/elfeed-pkg.el
  elfeed-20210606.1130/elfeed-search.el
  elfeed-20210606.1130/elfeed-show.el
  elfeed-20210606.1130/elfeed.el
  elfeed-20210606.1130/xml-query.el
Built elfeed in 0.613s, finished at 2021-08-08T16:17:57+0000
 ✓ Success:
4.0K -rw-rw-r-- 1 kimr kimr  334 Aug  8 09:17 packages/elfeed-20210606.1130.entry
180K -rw-rw-r-- 1 kimr kimr 180K Aug  8 09:17 packages/elfeed-20210606.1130.tar
4.0K -rw-rw-r-- 1 kimr kimr 1.2K Aug  8 09:17 packages/elfeed-badge.svg
4.0K -rw-rw-r-- 1 kimr kimr  413 Jul 20 14:31 packages/elfeed-goodies-20190128.1631.entry
 32K -rw-rw-r-- 1 kimr kimr  30K Jul 20 14:31 packages/elfeed-goodies-20190128.1631.tar
4.0K -rw-rw-r-- 1 kimr kimr 1.2K Jul 20 14:31 packages/elfeed-goodies-badge.svg
4.0K -rw-rw-r-- 1 kimr kimr 1.6K Jul 20 14:31 packages/elfeed-goodies.log
4.0K -rw-rw-r-- 1 kimr kimr  298 Jul 20 14:31 packages/elfeed-goodies-readme.txt
 20K -rw-rw-r-- 1 kimr kimr  17K Jul 26 09:32 packages/elfeed-org-20210510.1219.el
4.0K -rw-rw-r-- 1 kimr kimr  522 Jul 26 09:32 packages/elfeed-org-20210510.1219.entry
4.0K -rw-rw-r-- 1 kimr kimr 1.2K Jul 26 09:33 packages/elfeed-org-badge.svg
4.0K -rw-rw-r-- 1 kimr kimr  547 Jul 26 09:33 packages/elfeed-org.log
4.0K -rw-rw-r-- 1 kimr kimr  466 Jul 26 09:32 packages/elfeed-org-readme.txt
4.0K -rw-rw-r-- 1 kimr kimr   99 Aug  8 09:17 packages/elfeed-readme.txt
