Package: elixir-mode
Fetcher: github
Source:  https://github.com/elixir-editors/emacs-elixir.git

Updating /home/kimr/repos/my/melpa/working/elixir-mode/
Copying files (->) and directories (=>)
  from /home/kimr/repos/my/melpa/working/elixir-mode/
  to /tmp/elixir-modeThrfuS/elixir-mode-20210509.2353
    elixir-format.el -> elixir-format.el
    elixir-mode.el -> elixir-mode.el
    elixir-smie.el -> elixir-smie.el
Created elixir-mode-20210509.2353.tar containing:
  elixir-mode-20210509.2353/
  elixir-mode-20210509.2353/elixir-format.el
  elixir-mode-20210509.2353/elixir-mode-pkg.el
  elixir-mode-20210509.2353/elixir-mode.el
  elixir-mode-20210509.2353/elixir-smie.el
Built elixir-mode in 0.190s, finished at 2021-07-10T17:19:32+0000
 ✓ Success:
4.0K -rw-rw-r-- 1 kimr kimr  311 Jul 10 10:19 packages/elixir-mode-20210509.2353.entry
 72K -rw-rw-r-- 1 kimr kimr  70K Jul 10 10:19 packages/elixir-mode-20210509.2353.tar
4.0K -rw-rw-r-- 1 kimr kimr 1.2K Jul 10 10:19 packages/elixir-mode-badge.svg
4.0K -rw-rw-r-- 1 kimr kimr   97 Jul 10 10:19 packages/elixir-mode-readme.txt
