Package: elnode
Fetcher: github
Source:  https://github.com/jcaw/elnode.git

Updating /home/kimr/repos/my/melpa/working/elnode/
Checking out origin/melpa
Checking out 29ef0f51a65a24fca7fdcdb4140d2e4556e4bb29
Copying files (->) and directories (=>)
  from /home/kimr/repos/my/melpa/working/elnode/
  to /tmp/elnode3qa1qB/elnode-20190702.1509
    .git => .git
    COPYING -> COPYING
    README.creole -> README.creole
    default-webserver-image.png -> default-webserver-image.png
    default-webserver-test.html -> default-webserver-test.html
    default-wiki-index.creole -> default-wiki-index.creole
    elnode-lists.el -> elnode-lists.el
    elnode-log-mode.el -> elnode-log-mode.el
    elnode-pkg.el -> elnode-pkg.el
    elnode-proxy.el -> elnode-proxy.el
    elnode-rle.el -> elnode-rle.el
    elnode-testsupport.el -> elnode-testsupport.el
    elnode-wiki.el -> elnode-wiki.el
    elnode.el -> elnode.el
Created elnode-20190702.1509.tar containing:
  elnode-20190702.1509/
  elnode-20190702.1509/COPYING
  elnode-20190702.1509/README.creole
  elnode-20190702.1509/default-webserver-image.png
  elnode-20190702.1509/default-webserver-test.html
  elnode-20190702.1509/default-wiki-index.creole
  elnode-20190702.1509/elnode-lists.el
  elnode-20190702.1509/elnode-log-mode.el
  elnode-20190702.1509/elnode-pkg.el
  elnode-20190702.1509/elnode-proxy.el
  elnode-20190702.1509/elnode-rle.el
  elnode-20190702.1509/elnode-testsupport.el
  elnode-20190702.1509/elnode-wiki.el
  elnode-20190702.1509/elnode.el
Built elnode in 0.330s, finished at 2021-10-19T04:49:45+0000
 ✓ Success:
4.0K -rw-rw-r-- 1 kimr kimr  277 Jul 20 14:31 packages/elnode-20190608.1623.entry
512K -rw-rw-r-- 1 kimr kimr 510K Jul 20 14:31 packages/elnode-20190608.1623.tar
4.0K -rw-rw-r-- 1 kimr kimr  437 Oct 18 21:49 packages/elnode-20190702.1509.entry
252K -rw-rw-r-- 1 kimr kimr 250K Oct 18 21:49 packages/elnode-20190702.1509.tar
4.0K -rw-rw-r-- 1 kimr kimr 1.2K Oct 18 21:49 packages/elnode-badge.svg
4.0K -rw-rw-r-- 1 kimr kimr  380 Oct 18 21:49 packages/elnode-readme.txt
