Package: embark
Fetcher: github
Source:  https://github.com/oantolin/embark.git

Updating /home/kimr/repos/my/melpa/working/embark/
Checking out origin/HEAD
Checking out c929a79fc2cffed81c7709aa1b8a599ab8ccbfc4
Copying files (->) and directories (=>)
  from /home/kimr/repos/my/melpa/working/embark/
  to /tmp/embarkwLFyMs/embark-20211018.2315
    embark.el -> embark.el
    embark.texi -> embark.texi
Created /tmp/embarkwLFyMs/embark-20211018.2315/embark.info
Created embark-20211018.2315.tar containing:
  embark-20211018.2315/
  embark-20211018.2315/dir
  embark-20211018.2315/embark-pkg.el
  embark-20211018.2315/embark.el
  embark-20211018.2315/embark.info
Built embark in 0.524s, finished at 2021-10-19T04:49:48+0000
 ✓ Success:
4.0K -rw-rw-r-- 1 kimr kimr  372 Aug 25 21:57 packages/embark-20210826.51.entry
192K -rw-rw-r-- 1 kimr kimr 190K Aug 25 21:57 packages/embark-20210826.51.tar
4.0K -rw-rw-r-- 1 kimr kimr  374 Oct 18 21:49 packages/embark-20211018.2315.entry
192K -rw-rw-r-- 1 kimr kimr 190K Oct 18 21:49 packages/embark-20211018.2315.tar
4.0K -rw-rw-r-- 1 kimr kimr 1.2K Oct 18 21:49 packages/embark-badge.svg
 12K -rw-rw-r-- 1 kimr kimr  12K Aug 25 21:57 packages/embark-consult-20210816.1819.el
4.0K -rw-rw-r-- 1 kimr kimr  432 Aug 25 21:57 packages/embark-consult-20210816.1819.entry
4.0K -rw-rw-r-- 1 kimr kimr 1.2K Aug 25 21:57 packages/embark-consult-badge.svg
4.0K -rw-rw-r-- 1 kimr kimr  689 Aug 25 21:57 packages/embark-consult.log
4.0K -rw-rw-r-- 1 kimr kimr 1.4K Aug 25 21:57 packages/embark-consult-readme.txt
4.0K -rw-rw-r-- 1 kimr kimr 4.0K Oct 18 21:49 packages/embark-readme.txt
