Package: emr
Fetcher: github
Source:  https://github.com/Wilfred/emacs-refactor.git

Updating /home/kimr/repos/my/melpa/working/emr/
Copying files (->) and directories (=>)
  from /home/kimr/repos/my/melpa/working/emr/
  to /tmp/emr8GO2PJ/emr-20210301.213
    emr-c.el -> emr-c.el
    emr-css.el -> emr-css.el
    emr-elisp.el -> emr-elisp.el
    emr-iedit.el -> emr-iedit.el
    emr-js.el -> emr-js.el
    emr-lisp.el -> emr-lisp.el
    emr-prog.el -> emr-prog.el
    emr-ruby.el -> emr-ruby.el
    emr-scheme.el -> emr-scheme.el
    emr.el -> emr.el
Created emr-20210301.213.tar containing:
  emr-20210301.213/
  emr-20210301.213/emr-c.el
  emr-20210301.213/emr-css.el
  emr-20210301.213/emr-elisp.el
  emr-20210301.213/emr-iedit.el
  emr-20210301.213/emr-js.el
  emr-20210301.213/emr-lisp.el
  emr-20210301.213/emr-pkg.el
  emr-20210301.213/emr-prog.el
  emr-20210301.213/emr-ruby.el
  emr-20210301.213/emr-scheme.el
  emr-20210301.213/emr.el
Built emr in 1.071s, finished at Mon May 17 20:44:08 2021
 ✓ Success:
4.0K -rw-rw-r-- 1 kimr kimr  627 May 17 20:44 packages/emr-20210301.213.entry
112K -rw-rw-r-- 1 kimr kimr 110K May 17 20:44 packages/emr-20210301.213.tar
4.0K -rw-rw-r-- 1 kimr kimr 1.2K May 17 20:44 packages/emr-badge.svg
4.0K -rw-rw-r-- 1 kimr kimr  338 May 17 20:44 packages/emr-readme.txt
