Package: esup
Fetcher: github
Source:  https://github.com/jschaf/esup.git

Updating /home/kimr/repos/my/melpa/working/esup/
Copying files (->) and directories (=>)
  from /home/kimr/repos/my/melpa/working/esup/
  to /tmp/esupsxycFy/esup-20200814.1400
    esup-child.el -> esup-child.el
    esup.el -> esup.el
Created esup-20200814.1400.tar containing:
  esup-20200814.1400/
  esup-20200814.1400/esup-child.el
  esup-20200814.1400/esup-pkg.el
  esup-20200814.1400/esup.el
Built esup in 0.604s, finished at 2021-07-25T03:49:07+0000
 ✓ Success:
4.0K -rw-rw-r-- 1 kimr kimr  390 Jul 24 20:49 packages/esup-20200814.1400.entry
 52K -rw-rw-r-- 1 kimr kimr  50K Jul 24 20:49 packages/esup-20200814.1400.tar
4.0K -rw-rw-r-- 1 kimr kimr 1.2K Jul 24 20:49 packages/esup-badge.svg
4.0K -rw-rw-r-- 1 kimr kimr  996 Jul 24 20:49 packages/esup-readme.txt
