Package: evil
Fetcher: github
Source:  https://github.com/emacs-evil/evil.git

Updating /home/kimr/repos/my/melpa/working/evil/
Copying files (->) and directories (=>)
  from /home/kimr/repos/my/melpa/working/evil/
  to /tmp/evilYYQOqd/evil-20210515.1807
    evil-command-window.el -> evil-command-window.el
    evil-commands.el -> evil-commands.el
    evil-common.el -> evil-common.el
    evil-core.el -> evil-core.el
    evil-development.el -> evil-development.el
    evil-digraphs.el -> evil-digraphs.el
    evil-ex.el -> evil-ex.el
    evil-integration.el -> evil-integration.el
    evil-jumps.el -> evil-jumps.el
    evil-keybindings.el -> evil-keybindings.el
    evil-macros.el -> evil-macros.el
    evil-maps.el -> evil-maps.el
    evil-pkg.el -> evil-pkg.el
    evil-repeat.el -> evil-repeat.el
    evil-search.el -> evil-search.el
    evil-states.el -> evil-states.el
    evil-types.el -> evil-types.el
    evil-vars.el -> evil-vars.el
    evil.el -> evil.el
  ! doc/build/texinfo/evil.texi -> evil.texi
Created /tmp/evilYYQOqd/evil-20210515.1807/evil.info
Created evil-20210515.1807.tar containing:
  evil-20210515.1807/
  evil-20210515.1807/dir
  evil-20210515.1807/evil-command-window.el
  evil-20210515.1807/evil-commands.el
  evil-20210515.1807/evil-common.el
  evil-20210515.1807/evil-core.el
  evil-20210515.1807/evil-development.el
  evil-20210515.1807/evil-digraphs.el
  evil-20210515.1807/evil-ex.el
  evil-20210515.1807/evil-integration.el
  evil-20210515.1807/evil-jumps.el
  evil-20210515.1807/evil-keybindings.el
  evil-20210515.1807/evil-macros.el
  evil-20210515.1807/evil-maps.el
  evil-20210515.1807/evil-pkg.el
  evil-20210515.1807/evil-repeat.el
  evil-20210515.1807/evil-search.el
  evil-20210515.1807/evil-states.el
  evil-20210515.1807/evil-types.el
  evil-20210515.1807/evil-vars.el
  evil-20210515.1807/evil.el
  evil-20210515.1807/evil.info
Built evil in 1.471s, finished at Mon May 17 20:44:21 2021
 ✓ Success:
4.0K -rw-rw-r-- 1 kimr kimr  283 Mar 12 19:29 packages/evil-20210305.1341.entry
880K -rw-rw-r-- 1 kimr kimr 880K Mar 12 19:29 packages/evil-20210305.1341.tar
4.0K -rw-rw-r-- 1 kimr kimr  283 May 17 20:44 packages/evil-20210515.1807.entry
892K -rw-rw-r-- 1 kimr kimr 890K May 17 20:44 packages/evil-20210515.1807.tar
4.0K -rw-rw-r-- 1 kimr kimr 2.8K Mar 12 19:29 packages/evil-anzu-20200514.1902.el
4.0K -rw-rw-r-- 1 kimr kimr  420 Mar 12 19:29 packages/evil-anzu-20200514.1902.entry
4.0K -rw-rw-r-- 1 kimr kimr 1.2K Mar 12 19:29 packages/evil-anzu-badge.svg
4.0K -rw-rw-r-- 1 kimr kimr  543 Mar 12 19:29 packages/evil-anzu.log
   0 -rw-rw-r-- 1 kimr kimr    0 Mar 12 19:29 packages/evil-anzu-readme.txt
 12K -rw-rw-r-- 1 kimr kimr 8.1K Mar 12 19:29 packages/evil-args-20180908.2157.el
4.0K -rw-rw-r-- 1 kimr kimr  423 Mar 12 19:29 packages/evil-args-20180908.2157.entry
4.0K -rw-rw-r-- 1 kimr kimr 1.2K Mar 12 19:29 packages/evil-args-badge.svg
4.0K -rw-rw-r-- 1 kimr kimr  536 Mar 12 19:29 packages/evil-args.log
4.0K -rw-rw-r-- 1 kimr kimr  810 Mar 12 19:29 packages/evil-args-readme.txt
4.0K -rw-rw-r-- 1 kimr kimr 1.2K May 17 20:44 packages/evil-badge.svg
4.0K -rw-rw-r-- 1 kimr kimr  587 Mar 12 19:29 packages/evil-cleverparens-20170718.413.entry
112K -rw-rw-r-- 1 kimr kimr 110K Mar 12 19:29 packages/evil-cleverparens-20170718.413.tar
4.0K -rw-rw-r-- 1 kimr kimr 1.2K Mar 12 19:29 packages/evil-cleverparens-badge.svg
4.0K -rw-rw-r-- 1 kimr kimr 1.3K Mar 12 19:29 packages/evil-cleverparens.log
4.0K -rw-rw-r-- 1 kimr kimr  256 Mar 12 19:29 packages/evil-cleverparens-readme.txt
4.0K -rw-rw-r-- 1 kimr kimr  443 Mar 12 19:29 packages/evil-collection-20210302.124.entry
820K -rw-rw-r-- 1 kimr kimr 820K Mar 12 19:29 packages/evil-collection-20210302.124.tar
4.0K -rw-rw-r-- 1 kimr kimr 1.2K Mar 12 19:29 packages/evil-collection-badge.svg
 24K -rw-rw-r-- 1 kimr kimr  21K Mar 12 19:29 packages/evil-collection.log
4.0K -rw-rw-r-- 1 kimr kimr  301 Mar 12 19:29 packages/evil-collection-readme.txt
 24K -rw-rw-r-- 1 kimr kimr  22K Mar 12 19:29 packages/evil-easymotion-20200424.135.el
4.0K -rw-rw-r-- 1 kimr kimr  448 Mar 12 19:29 packages/evil-easymotion-20200424.135.entry
4.0K -rw-rw-r-- 1 kimr kimr 1.2K Mar 12 19:29 packages/evil-easymotion-badge.svg
4.0K -rw-rw-r-- 1 kimr kimr  584 Mar 12 19:29 packages/evil-easymotion.log
4.0K -rw-rw-r-- 1 kimr kimr 1.2K Mar 12 19:29 packages/evil-easymotion-readme.txt
8.0K -rw-rw-r-- 1 kimr kimr 8.0K Mar 12 19:29 packages/evil-ediff-20170724.1923.el
4.0K -rw-rw-r-- 1 kimr kimr  355 Mar 12 19:29 packages/evil-ediff-20170724.1923.entry
4.0K -rw-rw-r-- 1 kimr kimr 1.2K Mar 12 19:29 packages/evil-ediff-badge.svg
4.0K -rw-rw-r-- 1 kimr kimr  547 Mar 12 19:29 packages/evil-ediff.log
4.0K -rw-rw-r-- 1 kimr kimr 1.4K Mar 12 19:29 packages/evil-ediff-readme.txt
 16K -rw-rw-r-- 1 kimr kimr  13K Mar 12 19:29 packages/evil-escape-20180910.1234.el
4.0K -rw-rw-r-- 1 kimr kimr  467 Mar 12 19:29 packages/evil-escape-20180910.1234.entry
4.0K -rw-rw-r-- 1 kimr kimr 1.2K Mar 12 19:29 packages/evil-escape-badge.svg
4.0K -rw-rw-r-- 1 kimr kimr  553 Mar 12 19:29 packages/evil-escape.log
4.0K -rw-rw-r-- 1 kimr kimr 1.8K Mar 12 19:29 packages/evil-escape-readme.txt
8.0K -rw-rw-r-- 1 kimr kimr 8.0K Mar 12 19:29 packages/evil-exchange-20200118.252.el
4.0K -rw-rw-r-- 1 kimr kimr  383 Mar 12 19:29 packages/evil-exchange-20200118.252.entry
4.0K -rw-rw-r-- 1 kimr kimr 1.2K Mar 12 19:29 packages/evil-exchange-badge.svg
4.0K -rw-rw-r-- 1 kimr kimr  567 Mar 12 19:29 packages/evil-exchange.log
4.0K -rw-rw-r-- 1 kimr kimr  319 Mar 12 19:29 packages/evil-exchange-readme.txt
 28K -rw-rw-r-- 1 kimr kimr  28K Mar 12 19:29 packages/evil-goggles-20200101.1935.el
4.0K -rw-rw-r-- 1 kimr kimr  410 Mar 12 19:29 packages/evil-goggles-20200101.1935.entry
4.0K -rw-rw-r-- 1 kimr kimr 1.2K Mar 12 19:29 packages/evil-goggles-badge.svg
4.0K -rw-rw-r-- 1 kimr kimr  560 Mar 12 19:29 packages/evil-goggles.log
4.0K -rw-rw-r-- 1 kimr kimr  106 Mar 12 19:29 packages/evil-goggles-readme.txt
 12K -rw-rw-r-- 1 kimr kimr 9.8K Mar 12 19:29 packages/evil-iedit-state-20200830.617.el
4.0K -rw-rw-r-- 1 kimr kimr  483 Mar 12 19:29 packages/evil-iedit-state-20200830.617.entry
4.0K -rw-rw-r-- 1 kimr kimr 1.2K Mar 12 19:29 packages/evil-iedit-state-badge.svg
4.0K -rw-rw-r-- 1 kimr kimr  591 Mar 12 19:29 packages/evil-iedit-state.log
4.0K -rw-rw-r-- 1 kimr kimr  151 Mar 12 19:29 packages/evil-iedit-state-readme.txt
 12K -rw-rw-r-- 1 kimr kimr 8.4K Mar 12 19:29 packages/evil-indent-plus-20151109.1906.el
4.0K -rw-rw-r-- 1 kimr kimr  423 Mar 12 19:29 packages/evil-indent-plus-20151109.1906.entry
4.0K -rw-rw-r-- 1 kimr kimr 1.2K Mar 12 19:29 packages/evil-indent-plus-badge.svg
4.0K -rw-rw-r-- 1 kimr kimr  590 Mar 12 19:29 packages/evil-indent-plus.log
4.0K -rw-rw-r-- 1 kimr kimr  327 Mar 12 19:29 packages/evil-indent-plus-readme.txt
 12K -rw-rw-r-- 1 kimr kimr 8.6K Mar 12 19:29 packages/evil-lion-20170811.614.el
4.0K -rw-rw-r-- 1 kimr kimr  415 Mar 12 19:29 packages/evil-lion-20170811.614.entry
4.0K -rw-rw-r-- 1 kimr kimr 1.2K Mar 12 19:29 packages/evil-lion-badge.svg
4.0K -rw-rw-r-- 1 kimr kimr  592 Mar 12 19:29 packages/evil-lion.log
4.0K -rw-rw-r-- 1 kimr kimr  275 Mar 12 19:29 packages/evil-lion-readme.txt
 12K -rw-rw-r-- 1 kimr kimr  12K Mar 12 19:29 packages/evil-lisp-state-20160404.248.el
4.0K -rw-rw-r-- 1 kimr kimr  507 Mar 12 19:29 packages/evil-lisp-state-20160404.248.entry
4.0K -rw-rw-r-- 1 kimr kimr 1.2K Mar 12 19:29 packages/evil-lisp-state-badge.svg
4.0K -rw-rw-r-- 1 kimr kimr  583 Mar 12 19:29 packages/evil-lisp-state.log
4.0K -rw-rw-r-- 1 kimr kimr 3.3K Mar 12 19:29 packages/evil-lisp-state-readme.txt
4.0K -rw-rw-r-- 1 kimr kimr   27 Mar 12 19:29 packages/evil-magit.log
4.0K -rw-rw-r-- 1 kimr kimr  810 Dec 19 20:46 packages/evil-magit-readme.txt
4.0K -rw-rw-r-- 1 kimr kimr  412 Mar 12 19:29 packages/evil-matchit-20210201.522.entry
120K -rw-rw-r-- 1 kimr kimr 120K Mar 12 19:29 packages/evil-matchit-20210201.522.tar
4.0K -rw-rw-r-- 1 kimr kimr 1.2K Mar 12 19:29 packages/evil-matchit-badge.svg
4.0K -rw-rw-r-- 1 kimr kimr 3.1K Mar 12 19:29 packages/evil-matchit.log
4.0K -rw-rw-r-- 1 kimr kimr  577 Mar 12 19:29 packages/evil-matchit-readme.txt
4.0K -rw-rw-r-- 1 kimr kimr  485 Mar 12 19:29 packages/evil-mc-20210206.1941.entry
140K -rw-rw-r-- 1 kimr kimr 140K Mar 12 19:29 packages/evil-mc-20210206.1941.tar
4.0K -rw-rw-r-- 1 kimr kimr 1.2K Mar 12 19:29 packages/evil-mc-badge.svg
4.0K -rw-rw-r-- 1 kimr kimr 1.9K Mar 12 19:29 packages/evil-mc.log
4.0K -rw-rw-r-- 1 kimr kimr  244 Mar 12 19:29 packages/evil-mc-readme.txt
4.0K -rw-rw-r-- 1 kimr kimr  460 Mar 12 19:29 packages/evil-nerd-commenter-20210311.37.entry
 60K -rw-rw-r-- 1 kimr kimr  60K Mar 12 19:29 packages/evil-nerd-commenter-20210311.37.tar
4.0K -rw-rw-r-- 1 kimr kimr 1.2K Mar 12 19:29 packages/evil-nerd-commenter-badge.svg
4.0K -rw-rw-r-- 1 kimr kimr 1.5K Mar 12 19:29 packages/evil-nerd-commenter.log
4.0K -rw-rw-r-- 1 kimr kimr 3.6K Mar 12 19:29 packages/evil-nerd-commenter-readme.txt
8.0K -rw-rw-r-- 1 kimr kimr 7.1K Mar 12 19:29 packages/evil-numbers-20140606.1251.el
4.0K -rw-rw-r-- 1 kimr kimr  428 Mar 12 19:29 packages/evil-numbers-20140606.1251.entry
4.0K -rw-rw-r-- 1 kimr kimr 1.2K Mar 12 19:29 packages/evil-numbers-badge.svg
4.0K -rw-rw-r-- 1 kimr kimr  557 Mar 12 19:29 packages/evil-numbers.log
4.0K -rw-rw-r-- 1 kimr kimr  791 Mar 12 19:29 packages/evil-numbers-readme.txt
4.0K -rw-rw-r-- 1 kimr kimr  354 Mar 12 19:29 packages/evil-org-20201222.2023.entry
 52K -rw-rw-r-- 1 kimr kimr  50K Mar 12 19:29 packages/evil-org-20201222.2023.tar
4.0K -rw-rw-r-- 1 kimr kimr 1.2K Mar 12 19:29 packages/evil-org-badge.svg
4.0K -rw-rw-r-- 1 kimr kimr  945 Mar 12 19:29 packages/evil-org.log
4.0K -rw-rw-r-- 1 kimr kimr   67 Mar 12 19:29 packages/evil-org-readme.txt
4.0K -rw-rw-r-- 1 kimr kimr  883 May 17 20:44 packages/evil-readme.txt
 28K -rwxrwxr-x 1 kimr kimr  26K Mar 12 19:29 packages/evil-snipe-20200531.1008.el
4.0K -rw-rw-r-- 1 kimr kimr  484 Mar 12 19:29 packages/evil-snipe-20200531.1008.entry
4.0K -rw-rw-r-- 1 kimr kimr 1.2K Mar 12 19:29 packages/evil-snipe-badge.svg
4.0K -rw-rw-r-- 1 kimr kimr  545 Mar 12 19:29 packages/evil-snipe.log
4.0K -rw-rw-r-- 1 kimr kimr  478 Mar 12 19:29 packages/evil-snipe-readme.txt
 20K -rw-rw-r-- 1 kimr kimr  18K Mar 12 19:29 packages/evil-surround-20200603.2216.el
4.0K -rw-rw-r-- 1 kimr kimr  382 Mar 12 19:29 packages/evil-surround-20200603.2216.entry
4.0K -rw-rw-r-- 1 kimr kimr 1.2K Mar 12 19:29 packages/evil-surround-badge.svg
4.0K -rw-rw-r-- 1 kimr kimr  571 Mar 12 19:29 packages/evil-surround.log
4.0K -rw-rw-r-- 1 kimr kimr  449 Mar 12 19:29 packages/evil-surround-readme.txt
4.0K -rw-rw-r-- 1 kimr kimr 2.4K Mar 12 19:29 packages/evil-textobj-line-20150729.1522.el
4.0K -rw-rw-r-- 1 kimr kimr  365 Mar 12 19:29 packages/evil-textobj-line-20150729.1522.entry
4.0K -rw-rw-r-- 1 kimr kimr 1.2K Mar 12 19:29 packages/evil-textobj-line-badge.svg
4.0K -rw-rw-r-- 1 kimr kimr  607 Mar 12 19:29 packages/evil-textobj-line.log
   0 -rw-rw-r-- 1 kimr kimr    0 Mar 12 19:29 packages/evil-textobj-line-readme.txt
4.0K -rw-rw-r-- 1 kimr kimr  444 Mar 12 19:29 packages/evil-tutor-20150103.650.entry
 40K -rw-rw-r-- 1 kimr kimr  40K Mar 12 19:29 packages/evil-tutor-20150103.650.tar
4.0K -rw-rw-r-- 1 kimr kimr 1.2K Mar 12 19:29 packages/evil-tutor-badge.svg
4.0K -rw-rw-r-- 1 kimr kimr  945 Mar 12 19:29 packages/evil-tutor.log
4.0K -rw-rw-r-- 1 kimr kimr  248 Mar 12 19:29 packages/evil-tutor-readme.txt
8.0K -rw-rw-r-- 1 kimr kimr 6.7K Mar 12 19:29 packages/evil-visual-mark-mode-20190116.1557.el
4.0K -rw-rw-r-- 1 kimr kimr  351 Mar 12 19:29 packages/evil-visual-mark-mode-20190116.1557.entry
4.0K -rw-rw-r-- 1 kimr kimr 1.2K Mar 12 19:29 packages/evil-visual-mark-mode-badge.svg
4.0K -rw-rw-r-- 1 kimr kimr  630 Mar 12 19:29 packages/evil-visual-mark-mode.log
4.0K -rw-rw-r-- 1 kimr kimr  346 Mar 12 19:29 packages/evil-visual-mark-mode-readme.txt
8.0K -rw-rw-r-- 1 kimr kimr 4.4K Mar 12 19:29 packages/evil-visualstar-20160223.48.el
4.0K -rw-rw-r-- 1 kimr kimr  356 Mar 12 19:29 packages/evil-visualstar-20160223.48.entry
4.0K -rw-rw-r-- 1 kimr kimr 1.2K Mar 12 19:29 packages/evil-visualstar-badge.svg
4.0K -rw-rw-r-- 1 kimr kimr  578 Mar 12 19:29 packages/evil-visualstar.log
4.0K -rw-rw-r-- 1 kimr kimr  330 Mar 12 19:29 packages/evil-visualstar-readme.txt
