Package: evil-cleverparens
Fetcher: github
Source:  https://github.com/luxbock/evil-cleverparens.git

Updating /home/kimr/repos/my/melpa/working/evil-cleverparens/
Checking out origin/HEAD
Checking out 8c45879d49bfa6d4e414b6c1df700a4a51cbb869
Copying files (->) and directories (=>)
  from /home/kimr/repos/my/melpa/working/evil-cleverparens/
  to /tmp/evil-cleverparensRzoJp3/evil-cleverparens-20170718.413
    evil-cleverparens-text-objects.el -> evil-cleverparens-text-objects.el
    evil-cleverparens-util.el -> evil-cleverparens-util.el
    evil-cleverparens.el -> evil-cleverparens.el
Created evil-cleverparens-20170718.413.tar containing:
  evil-cleverparens-20170718.413/
  evil-cleverparens-20170718.413/evil-cleverparens-pkg.el
  evil-cleverparens-20170718.413/evil-cleverparens-text-objects.el
  evil-cleverparens-20170718.413/evil-cleverparens-util.el
  evil-cleverparens-20170718.413/evil-cleverparens.el
Built evil-cleverparens in 0.633s, finished at 2021-10-19T04:50:01+0000
 ✓ Success:
4.0K -rw-rw-r-- 1 kimr kimr  587 Oct 18 21:50 packages/evil-cleverparens-20170718.413.entry
112K -rw-rw-r-- 1 kimr kimr 110K Oct 18 21:50 packages/evil-cleverparens-20170718.413.tar
4.0K -rw-rw-r-- 1 kimr kimr 1.2K Oct 18 21:50 packages/evil-cleverparens-badge.svg
4.0K -rw-rw-r-- 1 kimr kimr  256 Oct 18 21:50 packages/evil-cleverparens-readme.txt
