Package: evil-tutor
Fetcher: github
Source:  https://github.com/syl20bnr/evil-tutor.git

Updating /home/kimr/repos/my/melpa/working/evil-tutor/
Copying files (->) and directories (=>)
  from /home/kimr/repos/my/melpa/working/evil-tutor/
  to /tmp/evil-tutorvPlsVu/evil-tutor-20150103.650
    evil-tutor.el -> evil-tutor.el
    tutor.txt -> tutor.txt
Created evil-tutor-20150103.650.tar containing:
  evil-tutor-20150103.650/
  evil-tutor-20150103.650/evil-tutor-pkg.el
  evil-tutor-20150103.650/evil-tutor.el
  evil-tutor-20150103.650/tutor.txt
Built evil-tutor in 1.058s, finished at Fri Mar 12 19:29:56 2021
 ✓ Success:
4.0K -rw-rw-r-- 1 kimr kimr  444 Mar 12 19:29 packages/evil-tutor-20150103.650.entry
 40K -rw-rw-r-- 1 kimr kimr  40K Mar 12 19:29 packages/evil-tutor-20150103.650.tar
4.0K -rw-rw-r-- 1 kimr kimr 1.2K Mar 12 19:29 packages/evil-tutor-badge.svg
4.0K -rw-rw-r-- 1 kimr kimr  248 Mar 12 19:29 packages/evil-tutor-readme.txt
