Package: evil-matchit
Fetcher: github
Source:  https://github.com/redguardtoo/evil-matchit.git

Updating /home/kimr/repos/my/melpa/working/evil-matchit/
Copying files (->) and directories (=>)
  from /home/kimr/repos/my/melpa/working/evil-matchit/
  to /tmp/evil-matchitcO2bzh/evil-matchit-20210201.522
    evil-matchit-c.el -> evil-matchit-c.el
    evil-matchit-cmake.el -> evil-matchit-cmake.el
    evil-matchit-diff.el -> evil-matchit-diff.el
    evil-matchit-elixir.el -> evil-matchit-elixir.el
    evil-matchit-fortran.el -> evil-matchit-fortran.el
    evil-matchit-html.el -> evil-matchit-html.el
    evil-matchit-javascript.el -> evil-matchit-javascript.el
    evil-matchit-latex.el -> evil-matchit-latex.el
    evil-matchit-markdown.el -> evil-matchit-markdown.el
    evil-matchit-ocaml.el -> evil-matchit-ocaml.el
    evil-matchit-octave.el -> evil-matchit-octave.el
    evil-matchit-org.el -> evil-matchit-org.el
    evil-matchit-python.el -> evil-matchit-python.el
    evil-matchit-ruby.el -> evil-matchit-ruby.el
    evil-matchit-script.el -> evil-matchit-script.el
    evil-matchit-sdk.el -> evil-matchit-sdk.el
    evil-matchit-sh.el -> evil-matchit-sh.el
    evil-matchit-simple.el -> evil-matchit-simple.el
    evil-matchit-sql.el -> evil-matchit-sql.el
    evil-matchit-template.el -> evil-matchit-template.el
    evil-matchit-terminal.el -> evil-matchit-terminal.el
    evil-matchit-verilog.el -> evil-matchit-verilog.el
    evil-matchit.el -> evil-matchit.el
Created evil-matchit-20210201.522.tar containing:
  evil-matchit-20210201.522/
  evil-matchit-20210201.522/evil-matchit-c.el
  evil-matchit-20210201.522/evil-matchit-cmake.el
  evil-matchit-20210201.522/evil-matchit-diff.el
  evil-matchit-20210201.522/evil-matchit-elixir.el
  evil-matchit-20210201.522/evil-matchit-fortran.el
  evil-matchit-20210201.522/evil-matchit-html.el
  evil-matchit-20210201.522/evil-matchit-javascript.el
  evil-matchit-20210201.522/evil-matchit-latex.el
  evil-matchit-20210201.522/evil-matchit-markdown.el
  evil-matchit-20210201.522/evil-matchit-ocaml.el
  evil-matchit-20210201.522/evil-matchit-octave.el
  evil-matchit-20210201.522/evil-matchit-org.el
  evil-matchit-20210201.522/evil-matchit-pkg.el
  evil-matchit-20210201.522/evil-matchit-python.el
  evil-matchit-20210201.522/evil-matchit-ruby.el
  evil-matchit-20210201.522/evil-matchit-script.el
  evil-matchit-20210201.522/evil-matchit-sdk.el
  evil-matchit-20210201.522/evil-matchit-sh.el
  evil-matchit-20210201.522/evil-matchit-simple.el
  evil-matchit-20210201.522/evil-matchit-sql.el
  evil-matchit-20210201.522/evil-matchit-template.el
  evil-matchit-20210201.522/evil-matchit-terminal.el
  evil-matchit-20210201.522/evil-matchit-verilog.el
  evil-matchit-20210201.522/evil-matchit.el
Built evil-matchit in 1.595s, finished at Sat Feb 27 07:44:05 2021
 ✓ Success:
4.0K -rw-rw-r-- 1 kimr kimr  363 Dec 19 20:46 packages/evil-matchit-20201216.114.entry
120K -rw-rw-r-- 1 kimr kimr 120K Dec 19 20:46 packages/evil-matchit-20201216.114.tar
4.0K -rw-rw-r-- 1 kimr kimr  412 Feb 27 07:44 packages/evil-matchit-20210201.522.entry
120K -rw-rw-r-- 1 kimr kimr 120K Feb 27 07:44 packages/evil-matchit-20210201.522.tar
4.0K -rw-rw-r-- 1 kimr kimr 1.2K Feb 27 07:44 packages/evil-matchit-badge.svg
4.0K -rw-rw-r-- 1 kimr kimr  577 Feb 27 07:44 packages/evil-matchit-readme.txt
