Package: flycheck
Fetcher: github
Source:  https://github.com/flycheck/flycheck.git

Updating /home/kimr/repos/my/melpa/working/flycheck/
Copying files (->) and directories (=>)
  from /home/kimr/repos/my/melpa/working/flycheck/
  to /tmp/flycheckVKu0rv/flycheck-20210708.1337
    flycheck-buttercup.el -> flycheck-buttercup.el
    flycheck-ert.el -> flycheck-ert.el
    flycheck.el -> flycheck.el
Created flycheck-20210708.1337.tar containing:
  flycheck-20210708.1337/
  flycheck-20210708.1337/flycheck-buttercup.el
  flycheck-20210708.1337/flycheck-ert.el
  flycheck-20210708.1337/flycheck-pkg.el
  flycheck-20210708.1337/flycheck.el
Built flycheck in 0.228s, finished at 2021-07-10T17:20:10+0000
 ✓ Success:
4.0K -rw-rw-r-- 1 kimr kimr  501 Jul 10 10:20 packages/flycheck-20210708.1337.entry
520K -rw-rw-r-- 1 kimr kimr 520K Jul 10 10:20 packages/flycheck-20210708.1337.tar
4.0K -rw-rw-r-- 1 kimr kimr 1.2K Jul 10 10:20 packages/flycheck-badge.svg
4.0K -rw-rw-r-- 1 kimr kimr 2.5K May 17 20:45 packages/flycheck-bashate-20200625.642.el
4.0K -rw-rw-r-- 1 kimr kimr  400 May 17 20:45 packages/flycheck-bashate-20200625.642.entry
4.0K -rw-rw-r-- 1 kimr kimr 1.2K May 17 20:45 packages/flycheck-bashate-badge.svg
4.0K -rw-rw-r-- 1 kimr kimr  593 May 17 20:45 packages/flycheck-bashate.log
4.0K -rw-rw-r-- 1 kimr kimr  239 May 17 20:45 packages/flycheck-bashate-readme.txt
8.0K -rw-rw-r-- 1 kimr kimr 4.4K Jul 10 10:14 packages/flycheck-clj-kondo-20201102.1128.el
4.0K -rw-rw-r-- 1 kimr kimr  408 Jul 10 10:14 packages/flycheck-clj-kondo-20201102.1128.entry
4.0K -rw-rw-r-- 1 kimr kimr 1.2K Jul 10 10:14 packages/flycheck-clj-kondo-badge.svg
4.0K -rw-rw-r-- 1 kimr kimr  609 Jul 10 10:14 packages/flycheck-clj-kondo.log
4.0K -rw-rw-r-- 1 kimr kimr  247 Jul 10 10:14 packages/flycheck-clj-kondo-readme.txt
4.0K -rw-rw-r-- 1 kimr kimr 3.0K May 17 20:45 packages/flycheck-credo-20170526.1545.el
4.0K -rw-rw-r-- 1 kimr kimr  354 May 17 20:45 packages/flycheck-credo-20170526.1545.entry
4.0K -rw-rw-r-- 1 kimr kimr 1.2K May 17 20:45 packages/flycheck-credo-badge.svg
4.0K -rw-rw-r-- 1 kimr kimr  580 May 17 20:45 packages/flycheck-credo.log
4.0K -rw-rw-r-- 1 kimr kimr  230 May 17 20:45 packages/flycheck-credo-readme.txt
4.0K -rw-rw-r-- 1 kimr kimr  382 May 17 20:45 packages/flycheck-elsa-20200203.1758.entry
 12K -rw-rw-r-- 1 kimr kimr  10K May 17 20:45 packages/flycheck-elsa-20200203.1758.tar
4.0K -rw-rw-r-- 1 kimr kimr 1.2K May 17 20:45 packages/flycheck-elsa-badge.svg
4.0K -rw-rw-r-- 1 kimr kimr 1021 May 17 20:45 packages/flycheck-elsa.log
4.0K -rw-rw-r-- 1 kimr kimr   46 May 17 20:45 packages/flycheck-elsa-readme.txt
4.0K -rw-rw-r-- 1 kimr kimr 2.8K May 17 20:45 packages/flycheck-package-20210509.2323.el
4.0K -rw-rw-r-- 1 kimr kimr  520 May 17 20:45 packages/flycheck-package-20210509.2323.entry
4.0K -rw-rw-r-- 1 kimr kimr 1.2K May 17 20:45 packages/flycheck-package-badge.svg
4.0K -rw-rw-r-- 1 kimr kimr  773 May 17 20:45 packages/flycheck-package.log
4.0K -rw-rw-r-- 1 kimr kimr  341 May 17 20:45 packages/flycheck-package-readme.txt
8.0K -rw-rw-r-- 1 kimr kimr 5.9K May 17 20:45 packages/flycheck-pos-tip-20200516.1600.el
4.0K -rw-rw-r-- 1 kimr kimr  541 May 17 20:45 packages/flycheck-pos-tip-20200516.1600.entry
4.0K -rw-rw-r-- 1 kimr kimr 1.2K May 17 20:45 packages/flycheck-pos-tip-badge.svg
4.0K -rw-rw-r-- 1 kimr kimr  593 May 17 20:45 packages/flycheck-pos-tip.log
4.0K -rw-rw-r-- 1 kimr kimr  133 May 17 20:45 packages/flycheck-pos-tip-readme.txt
4.0K -rw-rw-r-- 1 kimr kimr 1.2K Jul 10 10:20 packages/flycheck-readme.txt
8.0K -rw-rw-r-- 1 kimr kimr 4.9K Jul 10 10:14 packages/flycheck-rtags-20191222.920.el
4.0K -rw-rw-r-- 1 kimr kimr  422 Jul 10 10:14 packages/flycheck-rtags-20191222.920.entry
4.0K -rw-rw-r-- 1 kimr kimr 1.2K Jul 10 10:14 packages/flycheck-rtags-badge.svg
4.0K -rw-rw-r-- 1 kimr kimr  570 Jul 10 10:14 packages/flycheck-rtags.log
4.0K -rw-rw-r-- 1 kimr kimr  683 Jul 10 10:14 packages/flycheck-rtags-readme.txt
8.0K -rw-rw-r-- 1 kimr kimr 4.5K May 17 20:45 packages/flycheck-ycmd-20181016.618.el
4.0K -rw-rw-r-- 1 kimr kimr  444 May 17 20:45 packages/flycheck-ycmd-20181016.618.entry
4.0K -rw-rw-r-- 1 kimr kimr 1.2K May 17 20:45 packages/flycheck-ycmd-badge.svg
4.0K -rw-rw-r-- 1 kimr kimr  564 May 17 20:45 packages/flycheck-ycmd.log
4.0K -rw-rw-r-- 1 kimr kimr  291 May 17 20:45 packages/flycheck-ycmd-readme.txt
