Package: flyspell-correct
Fetcher: github
Source:  https://github.com/d12frosted/flyspell-correct.git

Updating /home/kimr/repos/my/melpa/working/flyspell-correct/
Copying files (->) and directories (=>)
  from /home/kimr/repos/my/melpa/working/flyspell-correct/
  to /tmp/flyspell-correct2iAVee/flyspell-correct-20210124.1143
    flyspell-correct.el -> flyspell-correct.el
    flyspell-correct-ido.el -> flyspell-correct-ido.el
Created flyspell-correct-20210124.1143.tar containing:
  flyspell-correct-20210124.1143/
  flyspell-correct-20210124.1143/flyspell-correct-ido.el
  flyspell-correct-20210124.1143/flyspell-correct-pkg.el
  flyspell-correct-20210124.1143/flyspell-correct.el
Built flyspell-correct in 1.299s, finished at Mon May 17 20:45:14 2021
 ✓ Success:
4.0K -rw-rw-r-- 1 kimr kimr  383 May 17 20:45 packages/flyspell-correct-20210124.1143.entry
 32K -rw-rw-r-- 1 kimr kimr  30K May 17 20:45 packages/flyspell-correct-20210124.1143.tar
4.0K -rw-rw-r-- 1 kimr kimr 1.2K May 17 20:45 packages/flyspell-correct-badge.svg
4.0K -rw-rw-r-- 1 kimr kimr 3.7K Mar 12 19:30 packages/flyspell-correct-helm-20210124.1143.el
4.0K -rw-rw-r-- 1 kimr kimr  438 Mar 12 19:30 packages/flyspell-correct-helm-20210124.1143.entry
4.0K -rw-rw-r-- 1 kimr kimr 1.2K Mar 12 19:30 packages/flyspell-correct-helm-badge.svg
4.0K -rw-rw-r-- 1 kimr kimr  630 Mar 12 19:30 packages/flyspell-correct-helm.log
4.0K -rw-rw-r-- 1 kimr kimr  478 Mar 12 19:30 packages/flyspell-correct-helm-readme.txt
8.0K -rw-rw-r-- 1 kimr kimr 4.1K Mar 15 09:59 packages/flyspell-correct-ivy-20210124.1143.el
4.0K -rw-rw-r-- 1 kimr kimr  445 Mar 15 09:59 packages/flyspell-correct-ivy-20210124.1143.entry
4.0K -rw-rw-r-- 1 kimr kimr 1.2K Mar 15 09:59 packages/flyspell-correct-ivy-badge.svg
4.0K -rw-rw-r-- 1 kimr kimr  623 Mar 15 09:59 packages/flyspell-correct-ivy.log
4.0K -rw-rw-r-- 1 kimr kimr  474 Mar 15 09:59 packages/flyspell-correct-ivy-readme.txt
4.0K -rw-rw-r-- 1 kimr kimr 1.6K May 17 20:45 packages/flyspell-correct-readme.txt
