Package: forge
Fetcher: github
Source:  https://github.com/magit/forge.git

Updating /home/kimr/repos/my/melpa/working/forge/
Checking out origin/HEAD
Checking out cb857671f2adda4d173ec1440f9a353c76945bb4
Copying files (->) and directories (=>)
  from /home/kimr/repos/my/melpa/working/forge/
  to /tmp/forgeMVnPiV/forge-20210806.1321
  ! lisp/forge-bitbucket.el -> forge-bitbucket.el
  ! lisp/forge-commands.el -> forge-commands.el
  ! lisp/forge-core.el -> forge-core.el
  ! lisp/forge-db.el -> forge-db.el
  ! lisp/forge-gitea.el -> forge-gitea.el
  ! lisp/forge-github.el -> forge-github.el
  ! lisp/forge-gitlab.el -> forge-gitlab.el
  ! lisp/forge-gogs.el -> forge-gogs.el
  ! lisp/forge-issue.el -> forge-issue.el
  ! lisp/forge-list.el -> forge-list.el
  ! lisp/forge-notify.el -> forge-notify.el
  ! lisp/forge-post.el -> forge-post.el
  ! lisp/forge-pullreq.el -> forge-pullreq.el
  ! lisp/forge-repo.el -> forge-repo.el
  ! lisp/forge-revnote.el -> forge-revnote.el
  ! lisp/forge-semi.el -> forge-semi.el
  ! lisp/forge-topic.el -> forge-topic.el
  ! lisp/forge.el -> forge.el
  ! docs/forge.texi -> forge.texi
Created /tmp/forgeMVnPiV/forge-20210806.1321/forge.info
Created forge-20210806.1321.tar containing:
  forge-20210806.1321/
  forge-20210806.1321/dir
  forge-20210806.1321/forge-bitbucket.el
  forge-20210806.1321/forge-commands.el
  forge-20210806.1321/forge-core.el
  forge-20210806.1321/forge-db.el
  forge-20210806.1321/forge-gitea.el
  forge-20210806.1321/forge-github.el
  forge-20210806.1321/forge-gitlab.el
  forge-20210806.1321/forge-gogs.el
  forge-20210806.1321/forge-issue.el
  forge-20210806.1321/forge-list.el
  forge-20210806.1321/forge-notify.el
  forge-20210806.1321/forge-pkg.el
  forge-20210806.1321/forge-post.el
  forge-20210806.1321/forge-pullreq.el
  forge-20210806.1321/forge-repo.el
  forge-20210806.1321/forge-revnote.el
  forge-20210806.1321/forge-semi.el
  forge-20210806.1321/forge-topic.el
  forge-20210806.1321/forge.el
  forge-20210806.1321/forge.info
Built forge in 1.030s, finished at 2021-08-08T16:18:12+0000
 ✓ Success:
4.0K -rw-rw-r-- 1 kimr kimr  554 Jul 26 09:34 packages/forge-20210716.1447.entry
320K -rw-rw-r-- 1 kimr kimr 320K Jul 26 09:34 packages/forge-20210716.1447.tar
4.0K -rw-rw-r-- 1 kimr kimr  554 Aug  8 09:18 packages/forge-20210806.1321.entry
320K -rw-rw-r-- 1 kimr kimr 320K Aug  8 09:18 packages/forge-20210806.1321.tar
4.0K -rw-rw-r-- 1 kimr kimr 1.2K Aug  8 09:18 packages/forge-badge.svg
4.0K -rw-rw-r-- 1 kimr kimr  314 Aug  8 09:18 packages/forge-readme.txt
