Package: geiser
Fetcher: gitlab
Source:  https://gitlab.com/emacs-geiser/geiser.git

Updating /home/kimr/repos/my/melpa/working/geiser/
Checking out origin/HEAD
Checking out 327ff01e5b9c6e019fdd0cb710a4c19082249345
Copying files (->) and directories (=>)
  from /home/kimr/repos/my/melpa/working/geiser/
  to /tmp/geiserGTz9vG/geiser-20210808.16
  ! elisp/geiser-autodoc.el -> geiser-autodoc.el
  ! elisp/geiser-base.el -> geiser-base.el
  ! elisp/geiser-company.el -> geiser-company.el
  ! elisp/geiser-compile.el -> geiser-compile.el
  ! elisp/geiser-completion.el -> geiser-completion.el
  ! elisp/geiser-connection.el -> geiser-connection.el
  ! elisp/geiser-custom.el -> geiser-custom.el
  ! elisp/geiser-debug.el -> geiser-debug.el
  ! elisp/geiser-doc.el -> geiser-doc.el
  ! elisp/geiser-edit.el -> geiser-edit.el
  ! elisp/geiser-eval.el -> geiser-eval.el
  ! elisp/geiser-image.el -> geiser-image.el
  ! elisp/geiser-impl.el -> geiser-impl.el
  ! elisp/geiser-log.el -> geiser-log.el
  ! elisp/geiser-menu.el -> geiser-menu.el
  ! elisp/geiser-mode.el -> geiser-mode.el
  ! elisp/geiser-popup.el -> geiser-popup.el
  ! elisp/geiser-reload.el -> geiser-reload.el
  ! elisp/geiser-repl.el -> geiser-repl.el
  ! elisp/geiser-syntax.el -> geiser-syntax.el
  ! elisp/geiser-table.el -> geiser-table.el
  ! elisp/geiser-xref.el -> geiser-xref.el
  ! elisp/geiser.el -> geiser.el
  ! doc/dir -> dir
  ! doc/geiser.texi -> geiser.texi
Created /tmp/geiserGTz9vG/geiser-20210808.16/geiser.info
Created geiser-20210808.16.tar containing:
  geiser-20210808.16/
  geiser-20210808.16/dir
  geiser-20210808.16/geiser-autodoc.el
  geiser-20210808.16/geiser-base.el
  geiser-20210808.16/geiser-company.el
  geiser-20210808.16/geiser-compile.el
  geiser-20210808.16/geiser-completion.el
  geiser-20210808.16/geiser-connection.el
  geiser-20210808.16/geiser-custom.el
  geiser-20210808.16/geiser-debug.el
  geiser-20210808.16/geiser-doc.el
  geiser-20210808.16/geiser-edit.el
  geiser-20210808.16/geiser-eval.el
  geiser-20210808.16/geiser-image.el
  geiser-20210808.16/geiser-impl.el
  geiser-20210808.16/geiser-log.el
  geiser-20210808.16/geiser-menu.el
  geiser-20210808.16/geiser-mode.el
  geiser-20210808.16/geiser-pkg.el
  geiser-20210808.16/geiser-popup.el
  geiser-20210808.16/geiser-reload.el
  geiser-20210808.16/geiser-repl.el
  geiser-20210808.16/geiser-syntax.el
  geiser-20210808.16/geiser-table.el
  geiser-20210808.16/geiser-xref.el
  geiser-20210808.16/geiser.el
  geiser-20210808.16/geiser.info
Built geiser in 0.540s, finished at 2021-09-18T13:13:09+0000
 ✓ Success:
4.0K -rw-rw-r-- 1 kimr kimr  375 Aug  8 09:18 packages/geiser-20210428.1942.entry
220K -rw-rw-r-- 1 kimr kimr 220K Aug  8 09:18 packages/geiser-20210428.1942.tar
4.0K -rw-rw-r-- 1 kimr kimr  373 Sep 18 06:13 packages/geiser-20210808.16.entry
312K -rw-rw-r-- 1 kimr kimr 310K Sep 18 06:13 packages/geiser-20210808.16.tar
4.0K -rw-rw-r-- 1 kimr kimr 1.2K Sep 18 06:13 packages/geiser-badge.svg
4.0K -rw-rw-r-- 1 kimr kimr 1.4K Sep 18 06:13 packages/geiser-readme.txt
