Package: gh
Fetcher: github
Source:  https://github.com/sigma/gh.el.git

Updating /home/kimr/repos/my/melpa/working/gh/
Checking out origin/HEAD
Checking out 4b2dd0667ebe9c684c1de5bc96961c2ab0885c07
Copying files (->) and directories (=>)
  from /home/kimr/repos/my/melpa/working/gh/
  to /tmp/ghLLDz1p/gh-20201222.438
    gh-api.el -> gh-api.el
    gh-auth.el -> gh-auth.el
    gh-cache.el -> gh-cache.el
    gh-comments.el -> gh-comments.el
    gh-common.el -> gh-common.el
    gh-gist.el -> gh-gist.el
    gh-issue-comments.el -> gh-issue-comments.el
    gh-issues.el -> gh-issues.el
    gh-oauth.el -> gh-oauth.el
    gh-orgs.el -> gh-orgs.el
    gh-pkg.el -> gh-pkg.el
    gh-profile.el -> gh-profile.el
    gh-pull-comments.el -> gh-pull-comments.el
    gh-pulls.el -> gh-pulls.el
    gh-repos.el -> gh-repos.el
    gh-search.el -> gh-search.el
    gh-url.el -> gh-url.el
    gh-users.el -> gh-users.el
    gh.el -> gh.el
Created gh-20201222.438.tar containing:
  gh-20201222.438/
  gh-20201222.438/gh-api.el
  gh-20201222.438/gh-auth.el
  gh-20201222.438/gh-cache.el
  gh-20201222.438/gh-comments.el
  gh-20201222.438/gh-common.el
  gh-20201222.438/gh-gist.el
  gh-20201222.438/gh-issue-comments.el
  gh-20201222.438/gh-issues.el
  gh-20201222.438/gh-oauth.el
  gh-20201222.438/gh-orgs.el
  gh-20201222.438/gh-pkg.el
  gh-20201222.438/gh-profile.el
  gh-20201222.438/gh-pull-comments.el
  gh-20201222.438/gh-pulls.el
  gh-20201222.438/gh-repos.el
  gh-20201222.438/gh-search.el
  gh-20201222.438/gh-url.el
  gh-20201222.438/gh-users.el
  gh-20201222.438/gh.el
Built gh in 0.250s, finished at 2021-09-18T13:13:10+0000
 ✓ Success:
4.0K -rw-rw-r-- 1 kimr kimr  368 Sep 18 06:13 packages/gh-20201222.438.entry
112K -rw-rw-r-- 1 kimr kimr 110K Sep 18 06:13 packages/gh-20201222.438.tar
4.0K -rw-rw-r-- 1 kimr kimr 1.2K Sep 18 06:13 packages/gh-badge.svg
8.0K -rw-rw-r-- 1 kimr kimr 6.8K Jul 20 14:32 packages/gh-md-20151207.1740.el
4.0K -rw-rw-r-- 1 kimr kimr  371 Jul 20 14:32 packages/gh-md-20151207.1740.entry
4.0K -rw-rw-r-- 1 kimr kimr 1.2K Jul 20 14:32 packages/gh-md-badge.svg
4.0K -rw-rw-r-- 1 kimr kimr  511 Jul 20 14:32 packages/gh-md.log
4.0K -rw-rw-r-- 1 kimr kimr  416 Jul 20 14:32 packages/gh-md-readme.txt
   0 -rw-rw-r-- 1 kimr kimr    0 Sep 18 06:13 packages/gh-readme.txt
