Package: ghub
Fetcher: github
Source:  https://github.com/magit/ghub.git

Updating /home/kimr/repos/my/melpa/working/ghub/
Copying files (->) and directories (=>)
  from /home/kimr/repos/my/melpa/working/ghub/
  to /tmp/ghubS6bk9T/ghub-20210619.1405
    buck.el -> buck.el
    ghub-graphql.el -> ghub-graphql.el
    ghub-pkg.el -> ghub-pkg.el
    ghub.el -> ghub.el
    glab.el -> glab.el
    gogs.el -> gogs.el
    gsexp.el -> gsexp.el
    gtea.el -> gtea.el
    ghub.texi -> ghub.texi
Created /tmp/ghubS6bk9T/ghub-20210619.1405/ghub.info
Created ghub-20210619.1405.tar containing:
  ghub-20210619.1405/
  ghub-20210619.1405/buck.el
  ghub-20210619.1405/dir
  ghub-20210619.1405/ghub-graphql.el
  ghub-20210619.1405/ghub-pkg.el
  ghub-20210619.1405/ghub.el
  ghub-20210619.1405/ghub.info
  ghub-20210619.1405/glab.el
  ghub-20210619.1405/gogs.el
  ghub-20210619.1405/gsexp.el
  ghub-20210619.1405/gtea.el
Built ghub in 0.454s, finished at 2021-07-10T17:20:26+0000
 ✓ Success:
4.0K -rw-rw-r-- 1 kimr kimr  401 Jul 10 10:20 packages/ghub-20210619.1405.entry
152K -rw-rw-r-- 1 kimr kimr 150K Jul 10 10:20 packages/ghub-20210619.1405.tar
4.0K -rw-rw-r-- 1 kimr kimr 1.2K Jul 10 10:20 packages/ghub-badge.svg
4.0K -rw-rw-r-- 1 kimr kimr 1.3K Jul 10 10:20 packages/ghub-readme.txt
