Package: git-gutter
Fetcher: github
Source:  https://github.com/emacsorphanage/git-gutter.git

Updating /home/kimr/repos/my/melpa/working/git-gutter/
Checking out origin/HEAD
Checking out c1e51865eb26739052035177846f53476c8605da
Built git-gutter in 0.663s, finished at 2021-10-19T04:50:48+0000
 ✓ Success:
 44K -rw-rw-r-- 1 kimr kimr  44K Sep 18 06:13 packages/git-gutter-20210730.429.el
4.0K -rw-rw-r-- 1 kimr kimr  382 Sep 18 06:13 packages/git-gutter-20210730.429.entry
 44K -rw-rw-r-- 1 kimr kimr  44K Oct 18 21:50 packages/git-gutter-20211002.2345.el
4.0K -rw-rw-r-- 1 kimr kimr  383 Oct 18 21:50 packages/git-gutter-20211002.2345.entry
4.0K -rw-rw-r-- 1 kimr kimr 1.2K Oct 18 21:50 packages/git-gutter-badge.svg
8.0K -rw-rw-r-- 1 kimr kimr 5.7K Jul 20 14:33 packages/git-gutter-fringe+-20140729.1103.el
4.0K -rw-rw-r-- 1 kimr kimr  440 Jul 20 14:33 packages/git-gutter-fringe+-20140729.1103.entry
8.0K -rw-rw-r-- 1 kimr kimr 5.7K Sep 18 06:13 packages/git-gutter-fringe-20200323.2249.el
4.0K -rw-rw-r-- 1 kimr kimr  493 Sep 18 06:13 packages/git-gutter-fringe-20200323.2249.entry
4.0K -rw-rw-r-- 1 kimr kimr 1.2K Jul 20 14:33 packages/git-gutter-fringe+-badge.svg
4.0K -rw-rw-r-- 1 kimr kimr 1.2K Sep 18 06:13 packages/git-gutter-fringe-badge.svg
4.0K -rw-rw-r-- 1 kimr kimr  683 Jul 20 14:33 packages/git-gutter-fringe+.log
4.0K -rw-rw-r-- 1 kimr kimr  686 Sep 18 06:13 packages/git-gutter-fringe.log
   0 -rw-rw-r-- 1 kimr kimr    0 Jul 20 14:33 packages/git-gutter-fringe+-readme.txt
4.0K -rw-rw-r-- 1 kimr kimr  333 Sep 18 06:13 packages/git-gutter-fringe-readme.txt
4.0K -rw-rw-r-- 1 kimr kimr   53 Oct 18 21:50 packages/git-gutter-readme.txt
