Package: google-translate
Fetcher: github
Source:  https://github.com/atykhonov/google-translate.git

Updating /home/kimr/repos/my/melpa/working/google-translate/
Copying files (->) and directories (=>)
  from /home/kimr/repos/my/melpa/working/google-translate/
  to /tmp/google-translateld1Bj5/google-translate-20200809.1430
    .bump-version.el -> .bump-version.el
    google-translate-backend.el -> google-translate-backend.el
    google-translate-core-ui.el -> google-translate-core-ui.el
    google-translate-core.el -> google-translate-core.el
    google-translate-default-ui.el -> google-translate-default-ui.el
    google-translate-pkg.el -> google-translate-pkg.el
    google-translate-smooth-ui.el -> google-translate-smooth-ui.el
    google-translate-tk.el -> google-translate-tk.el
    google-translate.el -> google-translate.el
Created google-translate-20200809.1430.tar containing:
  google-translate-20200809.1430/
  google-translate-20200809.1430/.bump-version.el
  google-translate-20200809.1430/google-translate-backend.el
  google-translate-20200809.1430/google-translate-core-ui.el
  google-translate-20200809.1430/google-translate-core.el
  google-translate-20200809.1430/google-translate-default-ui.el
  google-translate-20200809.1430/google-translate-pkg.el
  google-translate-20200809.1430/google-translate-smooth-ui.el
  google-translate-20200809.1430/google-translate-tk.el
  google-translate-20200809.1430/google-translate.el
Built google-translate in 1.131s, finished at Sat Feb 27 07:45:55 2021
 ✓ Success:
4.0K -rw-rw-r-- 1 kimr kimr  382 Feb 27 07:45 packages/google-translate-20200809.1430.entry
100K -rw-rw-r-- 1 kimr kimr 100K Feb 27 07:45 packages/google-translate-20200809.1430.tar
4.0K -rw-rw-r-- 1 kimr kimr 1.2K Feb 27 07:45 packages/google-translate-badge.svg
4.0K -rw-rw-r-- 1 kimr kimr 1.3K Feb 27 07:45 packages/google-translate-readme.txt
