Package: helm-org
Fetcher: github
Source:  https://github.com/emacs-helm/helm-org.git

Updating /home/kimr/repos/my/melpa/working/helm-org/
Note: helm-org :files spec is equivalent to the default.
Built helm-org in 0.613s, finished at 2021-07-10T17:20:59+0000
 ✓ Success:
 24K -rw-rw-r-- 1 kimr kimr  22K Jul 10 10:20 packages/helm-org-20210324.1927.el
4.0K -rw-rw-r-- 1 kimr kimr  408 Jul 10 10:20 packages/helm-org-20210324.1927.entry
4.0K -rw-rw-r-- 1 kimr kimr 1.2K Jul 10 10:20 packages/helm-org-badge.svg
8.0K -rw-rw-r-- 1 kimr kimr 7.7K May 17 22:50 packages/helm-org-ql-20201123.1102.el
4.0K -rw-rw-r-- 1 kimr kimr  448 May 17 22:50 packages/helm-org-ql-20201123.1102.entry
4.0K -rw-rw-r-- 1 kimr kimr 1.2K May 17 22:50 packages/helm-org-ql-badge.svg
4.0K -rw-rw-r-- 1 kimr kimr  591 May 17 22:50 packages/helm-org-ql.log
4.0K -rw-rw-r-- 1 kimr kimr  293 May 17 22:50 packages/helm-org-ql-readme.txt
4.0K -rw-rw-r-- 1 kimr kimr   48 Jul 10 10:20 packages/helm-org-readme.txt
 84K -rw-rw-r-- 1 kimr kimr  82K May 17 20:46 packages/helm-org-rifle-20200512.1943.el
4.0K -rw-rw-r-- 1 kimr kimr  468 May 17 20:46 packages/helm-org-rifle-20200512.1943.entry
4.0K -rw-rw-r-- 1 kimr kimr 1.2K May 17 20:46 packages/helm-org-rifle-badge.svg
4.0K -rw-rw-r-- 1 kimr kimr  573 May 17 20:46 packages/helm-org-rifle.log
4.0K -rw-rw-r-- 1 kimr kimr 1.1K May 17 20:46 packages/helm-org-rifle-readme.txt
