Package: helm
Fetcher: github
Source:  https://github.com/emacs-helm/helm.git

Updating /home/kimr/repos/my/melpa/working/helm/
Copying files (->) and directories (=>)
  from /home/kimr/repos/my/melpa/working/helm/
  to /tmp/helmGUFcx0/helm-20210223.2045
    .dir-locals.el -> .dir-locals.el
    helm-adaptive.el -> helm-adaptive.el
    helm-bookmark.el -> helm-bookmark.el
    helm-buffers.el -> helm-buffers.el
    helm-color.el -> helm-color.el
    helm-comint.el -> helm-comint.el
    helm-command.el -> helm-command.el
    helm-config.el -> helm-config.el
    helm-dabbrev.el -> helm-dabbrev.el
    helm-easymenu.el -> helm-easymenu.el
    helm-elisp-package.el -> helm-elisp-package.el
    helm-elisp.el -> helm-elisp.el
    helm-epa.el -> helm-epa.el
    helm-eshell.el -> helm-eshell.el
    helm-eval.el -> helm-eval.el
    helm-external.el -> helm-external.el
    helm-fd.el -> helm-fd.el
    helm-files.el -> helm-files.el
    helm-find.el -> helm-find.el
    helm-font.el -> helm-font.el
    helm-for-files.el -> helm-for-files.el
    helm-global-bindings.el -> helm-global-bindings.el
    helm-grep.el -> helm-grep.el
    helm-help.el -> helm-help.el
    helm-id-utils.el -> helm-id-utils.el
    helm-imenu.el -> helm-imenu.el
    helm-info.el -> helm-info.el
    helm-locate.el -> helm-locate.el
    helm-man.el -> helm-man.el
    helm-misc.el -> helm-misc.el
    helm-mode.el -> helm-mode.el
    helm-net.el -> helm-net.el
    helm-occur.el -> helm-occur.el
    helm-pkg.el -> helm-pkg.el
    helm-regexp.el -> helm-regexp.el
    helm-ring.el -> helm-ring.el
    helm-semantic.el -> helm-semantic.el
    helm-shell.el -> helm-shell.el
    helm-sys.el -> helm-sys.el
    helm-tags.el -> helm-tags.el
    helm-types.el -> helm-types.el
    helm-utils.el -> helm-utils.el
    helm-x-files.el -> helm-x-files.el
    emacs-helm.sh -> emacs-helm.sh
Created helm-20210223.2045.tar containing:
  helm-20210223.2045/
  helm-20210223.2045/.dir-locals.el
  helm-20210223.2045/emacs-helm.sh
  helm-20210223.2045/helm-adaptive.el
  helm-20210223.2045/helm-bookmark.el
  helm-20210223.2045/helm-buffers.el
  helm-20210223.2045/helm-color.el
  helm-20210223.2045/helm-comint.el
  helm-20210223.2045/helm-command.el
  helm-20210223.2045/helm-config.el
  helm-20210223.2045/helm-dabbrev.el
  helm-20210223.2045/helm-easymenu.el
  helm-20210223.2045/helm-elisp-package.el
  helm-20210223.2045/helm-elisp.el
  helm-20210223.2045/helm-epa.el
  helm-20210223.2045/helm-eshell.el
  helm-20210223.2045/helm-eval.el
  helm-20210223.2045/helm-external.el
  helm-20210223.2045/helm-fd.el
  helm-20210223.2045/helm-files.el
  helm-20210223.2045/helm-find.el
  helm-20210223.2045/helm-font.el
  helm-20210223.2045/helm-for-files.el
  helm-20210223.2045/helm-global-bindings.el
  helm-20210223.2045/helm-grep.el
  helm-20210223.2045/helm-help.el
  helm-20210223.2045/helm-id-utils.el
  helm-20210223.2045/helm-imenu.el
  helm-20210223.2045/helm-info.el
  helm-20210223.2045/helm-locate.el
  helm-20210223.2045/helm-man.el
  helm-20210223.2045/helm-misc.el
  helm-20210223.2045/helm-mode.el
  helm-20210223.2045/helm-net.el
  helm-20210223.2045/helm-occur.el
  helm-20210223.2045/helm-pkg.el
  helm-20210223.2045/helm-regexp.el
  helm-20210223.2045/helm-ring.el
  helm-20210223.2045/helm-semantic.el
  helm-20210223.2045/helm-shell.el
  helm-20210223.2045/helm-sys.el
  helm-20210223.2045/helm-tags.el
  helm-20210223.2045/helm-types.el
  helm-20210223.2045/helm-utils.el
  helm-20210223.2045/helm-x-files.el
Built helm in 1.505s, finished at Sat Feb 27 07:46:03 2021
 ✓ Success:
4.0K -rw-rw-r-- 1 kimr kimr  258 Dec 19 20:46 packages/helm-20201217.828.entry
1.1M -rw-rw-r-- 1 kimr kimr 1.1M Dec 19 20:46 packages/helm-20201217.828.tar
4.0K -rw-rw-r-- 1 kimr kimr  432 Feb 27 07:46 packages/helm-20210223.2045.entry
1.1M -rw-rw-r-- 1 kimr kimr 1.1M Feb 27 07:46 packages/helm-20210223.2045.tar
 56K -rw-rw-r-- 1 kimr kimr  54K Dec  6 19:54 packages/helm-ag-20200915.1650.el
4.0K -rw-rw-r-- 1 kimr kimr  321 Dec  6 19:54 packages/helm-ag-20200915.1650.entry
4.0K -rw-rw-r-- 1 kimr kimr  206 Dec  6 19:54 packages/helm-ag-readme.txt
4.0K -rw-rw-r-- 1 kimr kimr 1.2K Feb 27 07:46 packages/helm-badge.svg
 16K -rw-rw-r-- 1 kimr kimr  13K Dec  6 19:54 packages/helm-company-20190812.1429.el
4.0K -rw-rw-r-- 1 kimr kimr  364 Dec  6 19:54 packages/helm-company-20190812.1429.entry
4.0K -rw-rw-r-- 1 kimr kimr  285 Dec  6 19:54 packages/helm-company-readme.txt
4.0K -rw-rw-r-- 1 kimr kimr  201 Dec 19 20:46 packages/helm-core-20201216.928.entry
452K -rw-rw-r-- 1 kimr kimr 450K Dec 19 20:46 packages/helm-core-20201216.928.tar
 36K -rw-rw-r-- 1 kimr kimr  34K Dec  6 19:54 packages/helm-css-scss-20191230.1549.el
4.0K -rw-rw-r-- 1 kimr kimr  405 Dec  6 19:54 packages/helm-css-scss-20191230.1549.entry
4.0K -rw-rw-r-- 1 kimr kimr 1.4K Dec  6 19:54 packages/helm-css-scss-readme.txt
 24K -rw-rw-r-- 1 kimr kimr  21K Dec 19 20:46 packages/helm-c-yasnippet-20201118.1009.el
4.0K -rw-rw-r-- 1 kimr kimr  358 Dec 19 20:46 packages/helm-c-yasnippet-20201118.1009.entry
4.0K -rw-rw-r-- 1 kimr kimr  106 Dec 19 20:46 packages/helm-c-yasnippet-readme.txt
8.0K -rw-rw-r-- 1 kimr kimr 5.2K Dec  6 19:54 packages/helm-dash-20190527.1118.el
4.0K -rw-rw-r-- 1 kimr kimr  482 Dec  6 19:54 packages/helm-dash-20190527.1118.entry
4.0K -rw-rw-r-- 1 kimr kimr  200 Dec  6 19:54 packages/helm-dash-readme.txt
 12K -rw-rw-r-- 1 kimr kimr  12K Dec  6 19:54 packages/helm-descbinds-20190501.935.el
4.0K -rw-rw-r-- 1 kimr kimr  356 Dec  6 19:54 packages/helm-descbinds-20190501.935.entry
4.0K -rw-rw-r-- 1 kimr kimr 1.3K Dec  6 19:54 packages/helm-descbinds-readme.txt
 12K -rw-rw-r-- 1 kimr kimr  12K Dec  6 19:54 packages/helm-dictionary-20201006.1511.el
4.0K -rw-rw-r-- 1 kimr kimr  393 Dec  6 19:54 packages/helm-dictionary-20201006.1511.entry
4.0K -rw-rw-r-- 1 kimr kimr  390 Dec  6 19:54 packages/helm-dictionary-readme.txt
 12K -rw-rw-r-- 1 kimr kimr  11K Dec  6 19:54 packages/helm-flx-20180103.516.el
4.0K -rw-rw-r-- 1 kimr kimr  378 Dec  6 19:54 packages/helm-flx-20180103.516.entry
4.0K -rw-rw-r-- 1 kimr kimr  313 Dec  6 19:54 packages/helm-flx-readme.txt
 32K -rw-rw-r-- 1 kimr kimr  29K Dec  6 19:54 packages/helm-git-grep-20170614.1411.el
4.0K -rw-rw-r-- 1 kimr kimr  297 Dec  6 19:54 packages/helm-git-grep-20170614.1411.entry
4.0K -rw-rw-r-- 1 kimr kimr  587 Dec  6 19:54 packages/helm-git-grep-readme.txt
4.0K -rw-rw-r-- 1 kimr kimr 3.5K Dec  6 19:54 packages/helm-gitignore-20170211.8.el
4.0K -rw-rw-r-- 1 kimr kimr  378 Dec  6 19:54 packages/helm-gitignore-20170211.8.entry
4.0K -rw-rw-r-- 1 kimr kimr  102 Dec  6 19:54 packages/helm-gitignore-readme.txt
 60K -rw-rw-r-- 1 kimr kimr  58K Dec  6 19:54 packages/helm-gtags-20200602.1610.el
4.0K -rw-rw-r-- 1 kimr kimr  313 Dec  6 19:54 packages/helm-gtags-20200602.1610.entry
4.0K -rw-rw-r-- 1 kimr kimr 1.1K Dec  6 19:54 packages/helm-gtags-readme.txt
 32K -rw-rw-r-- 1 kimr kimr  30K Dec  6 19:54 packages/helm-ls-git-20200519.912.el
4.0K -rw-rw-r-- 1 kimr kimr  133 Dec  6 19:54 packages/helm-ls-git-20200519.912.entry
 12K -rw-rw-r-- 1 kimr kimr 8.3K Dec  6 19:54 packages/helm-lsp-20200910.518.el
4.0K -rw-rw-r-- 1 kimr kimr  367 Dec  6 19:54 packages/helm-lsp-20200910.518.entry
4.0K -rw-rw-r-- 1 kimr kimr   25 Dec  6 19:54 packages/helm-lsp-readme.txt
 20K -rw-rw-r-- 1 kimr kimr  18K Dec  6 19:54 packages/helm-make-20200620.27.el
4.0K -rw-rw-r-- 1 kimr kimr  310 Dec  6 19:54 packages/helm-make-20200620.27.entry
4.0K -rw-rw-r-- 1 kimr kimr  140 Dec  6 19:54 packages/helm-make-readme.txt
8.0K -rw-rw-r-- 1 kimr kimr 4.6K Dec  6 19:54 packages/helm-mode-manager-20151124.938.el
4.0K -rw-rw-r-- 1 kimr kimr  270 Dec  6 19:54 packages/helm-mode-manager-20151124.938.entry
4.0K -rw-rw-r-- 1 kimr kimr  653 Dec  6 19:54 packages/helm-mode-manager-readme.txt
 24K -rw-rw-r-- 1 kimr kimr  22K Dec  6 19:54 packages/helm-org-20200311.633.el
4.0K -rw-rw-r-- 1 kimr kimr  355 Dec  6 19:54 packages/helm-org-20200311.633.entry
4.0K -rw-rw-r-- 1 kimr kimr   47 Dec  6 19:54 packages/helm-org-readme.txt
 84K -rw-rw-r-- 1 kimr kimr  82K Dec 19 20:46 packages/helm-org-rifle-20200512.1943.el
4.0K -rw-rw-r-- 1 kimr kimr  396 Dec 19 20:46 packages/helm-org-rifle-20200512.1943.entry
4.0K -rw-rw-r-- 1 kimr kimr 1.1K Dec 19 20:46 packages/helm-org-rifle-readme.txt
 52K -rw-rw-r-- 1 kimr kimr  51K Dec 19 20:46 packages/helm-projectile-20201217.908.el
4.0K -rw-rw-r-- 1 kimr kimr  342 Dec 19 20:46 packages/helm-projectile-20201217.908.entry
4.0K -rw-rw-r-- 1 kimr kimr  355 Dec 19 20:46 packages/helm-projectile-readme.txt
4.0K -rw-rw-r-- 1 kimr kimr 4.0K Dec  6 19:54 packages/helm-purpose-20170114.1636.el
4.0K -rw-rw-r-- 1 kimr kimr  295 Dec  6 19:54 packages/helm-purpose-20170114.1636.entry
4.0K -rw-rw-r-- 1 kimr kimr  834 Dec  6 19:54 packages/helm-purpose-readme.txt
4.0K -rw-rw-r-- 1 kimr kimr  314 Dec  6 19:54 packages/helm-pydoc-20160918.542.entry
 20K -rw-rw-r-- 1 kimr kimr  20K Dec  6 19:54 packages/helm-pydoc-20160918.542.tar
   0 -rw-rw-r-- 1 kimr kimr    0 Dec  6 19:54 packages/helm-pydoc-readme.txt
8.0K -rw-rw-r-- 1 kimr kimr 6.1K Dec 19 20:46 packages/helm-rtags-20191222.920.el
4.0K -rw-rw-r-- 1 kimr kimr  352 Dec 19 20:46 packages/helm-rtags-20191222.920.entry
   0 -rw-rw-r-- 1 kimr kimr    0 Dec 19 20:46 packages/helm-rtags-readme.txt
 72K -rw-rw-r-- 1 kimr kimr  69K Dec  6 19:54 packages/helm-swoop-20200814.448.el
4.0K -rw-rw-r-- 1 kimr kimr  418 Dec  6 19:54 packages/helm-swoop-20200814.448.entry
4.0K -rw-rw-r-- 1 kimr kimr 2.6K Dec  6 19:54 packages/helm-swoop-readme.txt
4.0K -rw-rw-r-- 1 kimr kimr 2.8K Dec  6 19:54 packages/helm-themes-20200323.712.el
4.0K -rw-rw-r-- 1 kimr kimr  335 Dec  6 19:54 packages/helm-themes-20200323.712.entry
4.0K -rw-rw-r-- 1 kimr kimr  107 Dec  6 19:54 packages/helm-themes-readme.txt
8.0K -rw-rw-r-- 1 kimr kimr 6.6K Dec  6 19:54 packages/helm-xref-20201004.1817.el
4.0K -rw-rw-r-- 1 kimr kimr  329 Dec  6 19:54 packages/helm-xref-20201004.1817.entry
