Package: importmagic
Fetcher: github
Source:  https://github.com/anachronic/importmagic.el.git

Updating /home/kimr/repos/my/melpa/working/importmagic/
Checking out origin/HEAD
Checking out 701dfcca5f3ab42be0f26a8d381d7116c79be850
Copying files (->) and directories (=>)
  from /home/kimr/repos/my/melpa/working/importmagic/
  to /tmp/importmagic92sBwh/importmagic-20180520.303
    importmagic.el -> importmagic.el
    importmagicserver.py -> importmagicserver.py
Created importmagic-20180520.303.tar containing:
  importmagic-20180520.303/
  importmagic-20180520.303/importmagic-pkg.el
  importmagic-20180520.303/importmagic.el
  importmagic-20180520.303/importmagicserver.py
Built importmagic in 0.600s, finished at 2021-10-19T04:51:40+0000
 ✓ Success:
4.0K -rw-rw-r-- 1 kimr kimr  470 Oct 18 21:51 packages/importmagic-20180520.303.entry
 20K -rw-rw-r-- 1 kimr kimr  20K Oct 18 21:51 packages/importmagic-20180520.303.tar
4.0K -rw-rw-r-- 1 kimr kimr 1.2K Oct 18 21:51 packages/importmagic-badge.svg
4.0K -rw-rw-r-- 1 kimr kimr  598 Oct 18 21:51 packages/importmagic-readme.txt
