Package: ivy
Fetcher: github
Source:  https://github.com/abo-abo/swiper.git

Updating /home/kimr/repos/my/melpa/working/ivy/
Copying files (->) and directories (=>)
  from /home/kimr/repos/my/melpa/working/ivy/
  to /tmp/ivyU8tDst/ivy-20210602.1349
    colir.el -> colir.el
    elpa.el -> elpa.el
    ivy-faces.el -> ivy-faces.el
    ivy-overlay.el -> ivy-overlay.el
    ivy.el -> ivy.el
  ! doc/ivy.texi -> ivy.texi
  ! doc/ivy-help.org -> ivy-help.org
Created /tmp/ivyU8tDst/ivy-20210602.1349/ivy.info
Created ivy-20210602.1349.tar containing:
  ivy-20210602.1349/
  ivy-20210602.1349/colir.el
  ivy-20210602.1349/dir
  ivy-20210602.1349/elpa.el
  ivy-20210602.1349/ivy-faces.el
  ivy-20210602.1349/ivy-help.org
  ivy-20210602.1349/ivy-overlay.el
  ivy-20210602.1349/ivy-pkg.el
  ivy-20210602.1349/ivy.el
  ivy-20210602.1349/ivy.info
Built ivy in 0.505s, finished at 2021-07-10T17:21:19+0000
 ✓ Success:
4.0K -rw-rw-r-- 1 kimr kimr  362 Jul 10 10:21 packages/ivy-20210602.1349.entry
300K -rw-rw-r-- 1 kimr kimr 300K Jul 10 10:21 packages/ivy-20210602.1349.tar
4.0K -rw-rw-r-- 1 kimr kimr 1.2K Jul 10 10:21 packages/ivy-badge.svg
8.0K -rw-rw-r-- 1 kimr kimr 5.8K Jul 10 10:15 packages/ivy-hydra-20210311.1108.el
4.0K -rw-rw-r-- 1 kimr kimr  436 Jul 10 10:15 packages/ivy-hydra-20210311.1108.entry
4.0K -rw-rw-r-- 1 kimr kimr 1.2K Jul 10 10:15 packages/ivy-hydra-badge.svg
4.0K -rw-rw-r-- 1 kimr kimr  533 Jul 10 10:15 packages/ivy-hydra.log
4.0K -rw-rw-r-- 1 kimr kimr  178 Jul 10 10:15 packages/ivy-hydra-readme.txt
4.0K -rw-rw-r-- 1 kimr kimr 3.7K May 17 20:47 packages/ivy-purpose-20160724.1003.el
4.0K -rw-rw-r-- 1 kimr kimr  363 May 17 20:47 packages/ivy-purpose-20160724.1003.entry
4.0K -rw-rw-r-- 1 kimr kimr 1.2K May 17 20:47 packages/ivy-purpose-badge.svg
4.0K -rw-rw-r-- 1 kimr kimr  549 May 17 20:47 packages/ivy-purpose.log
4.0K -rw-rw-r-- 1 kimr kimr  857 May 17 20:47 packages/ivy-purpose-readme.txt
4.0K -rw-rw-r-- 1 kimr kimr  396 Jul 10 10:21 packages/ivy-readme.txt
8.0K -rw-rw-r-- 1 kimr kimr 4.8K Jul 10 10:15 packages/ivy-rtags-20191222.920.el
4.0K -rw-rw-r-- 1 kimr kimr  434 Jul 10 10:15 packages/ivy-rtags-20191222.920.entry
4.0K -rw-rw-r-- 1 kimr kimr 1.2K Jul 10 10:15 packages/ivy-rtags-badge.svg
4.0K -rw-rw-r-- 1 kimr kimr  535 Jul 10 10:15 packages/ivy-rtags.log
   0 -rw-rw-r-- 1 kimr kimr    0 Jul 10 10:15 packages/ivy-rtags-readme.txt
8.0K -rw-rw-r-- 1 kimr kimr 5.3K May 17 20:47 packages/ivy-xref-20191126.401.el
4.0K -rw-rw-r-- 1 kimr kimr  369 May 17 20:47 packages/ivy-xref-20191126.401.entry
4.0K -rw-rw-r-- 1 kimr kimr 1.2K May 17 20:47 packages/ivy-xref-badge.svg
4.0K -rw-rw-r-- 1 kimr kimr  529 May 17 20:47 packages/ivy-xref.log
4.0K -rw-rw-r-- 1 kimr kimr  195 May 17 20:47 packages/ivy-xref-readme.txt
 12K -rw-rw-r-- 1 kimr kimr 8.9K May 17 20:47 packages/ivy-yasnippet-20200704.700.el
4.0K -rw-rw-r-- 1 kimr kimr  466 May 17 20:47 packages/ivy-yasnippet-20200704.700.entry
4.0K -rw-rw-r-- 1 kimr kimr 1.2K May 17 20:47 packages/ivy-yasnippet-badge.svg
4.0K -rw-rw-r-- 1 kimr kimr  564 May 17 20:47 packages/ivy-yasnippet.log
4.0K -rw-rw-r-- 1 kimr kimr  278 May 17 20:47 packages/ivy-yasnippet-readme.txt
