Package: js2-refactor
Fetcher: github
Source:  https://github.com/js-emacs/js2-refactor.el.git

Updating /home/kimr/repos/my/melpa/working/js2-refactor/
Copying files (->) and directories (=>)
  from /home/kimr/repos/my/melpa/working/js2-refactor/
  to /tmp/js2-refactorOSyN3y/js2-refactor-20210306.2003
    js2-refactor-pkg.el -> js2-refactor-pkg.el
    js2-refactor.el -> js2-refactor.el
    js2r-conditionals.el -> js2r-conditionals.el
    js2r-conveniences.el -> js2r-conveniences.el
    js2r-formatting.el -> js2r-formatting.el
    js2r-functions.el -> js2r-functions.el
    js2r-helpers.el -> js2r-helpers.el
    js2r-iife.el -> js2r-iife.el
    js2r-paredit.el -> js2r-paredit.el
    js2r-vars.el -> js2r-vars.el
    js2r-wrapping.el -> js2r-wrapping.el
Created js2-refactor-20210306.2003.tar containing:
  js2-refactor-20210306.2003/
  js2-refactor-20210306.2003/js2-refactor-pkg.el
  js2-refactor-20210306.2003/js2-refactor.el
  js2-refactor-20210306.2003/js2r-conditionals.el
  js2-refactor-20210306.2003/js2r-conveniences.el
  js2-refactor-20210306.2003/js2r-formatting.el
  js2-refactor-20210306.2003/js2r-functions.el
  js2-refactor-20210306.2003/js2r-helpers.el
  js2-refactor-20210306.2003/js2r-iife.el
  js2-refactor-20210306.2003/js2r-paredit.el
  js2-refactor-20210306.2003/js2r-vars.el
  js2-refactor-20210306.2003/js2r-wrapping.el
Built js2-refactor in 0.677s, finished at 2021-07-20T21:34:05+0000
 ✓ Success:
4.0K -rw-rw-r-- 1 kimr kimr  494 Jul 20 14:34 packages/js2-refactor-20210306.2003.entry
100K -rw-rw-r-- 1 kimr kimr 100K Jul 20 14:34 packages/js2-refactor-20210306.2003.tar
4.0K -rw-rw-r-- 1 kimr kimr 1.2K Jul 20 14:34 packages/js2-refactor-badge.svg
8.0K -rw-rw-r-- 1 kimr kimr 5.2K Jul 20 14:34 packages/js2-refactor-readme.txt
