Package: lispy
Fetcher: github
Source:  https://github.com/abo-abo/lispy.git

Updating /home/kimr/repos/my/melpa/working/lispy/
Checking out origin/HEAD
Checking out 9568ee1aa5ac12e0ed03b9904b77c7a5bc4bb2e2
Copying files (->) and directories (=>)
  from /home/kimr/repos/my/melpa/working/lispy/
  to /tmp/lispyAMjGRi/lispy-20210914.1209
    elpa.el -> elpa.el
    le-clojure.el -> le-clojure.el
    le-hy.el -> le-hy.el
    le-julia.el -> le-julia.el
    le-lisp.el -> le-lisp.el
    le-python.el -> le-python.el
    le-racket.el -> le-racket.el
    le-scheme.el -> le-scheme.el
    lispy-inline.el -> lispy-inline.el
    lispy-pkg.el -> lispy-pkg.el
    lispy-tags.el -> lispy-tags.el
    lispy.el -> lispy.el
    lispy-clojure.clj -> lispy-clojure.clj
    lispy-clojure.cljs -> lispy-clojure.cljs
    lispy-python.py -> lispy-python.py
Created lispy-20210914.1209.tar containing:
  lispy-20210914.1209/
  lispy-20210914.1209/elpa.el
  lispy-20210914.1209/le-clojure.el
  lispy-20210914.1209/le-hy.el
  lispy-20210914.1209/le-julia.el
  lispy-20210914.1209/le-lisp.el
  lispy-20210914.1209/le-python.el
  lispy-20210914.1209/le-racket.el
  lispy-20210914.1209/le-scheme.el
  lispy-20210914.1209/lispy-clojure.clj
  lispy-20210914.1209/lispy-clojure.cljs
  lispy-20210914.1209/lispy-inline.el
  lispy-20210914.1209/lispy-pkg.el
  lispy-20210914.1209/lispy-python.py
  lispy-20210914.1209/lispy-tags.el
  lispy-20210914.1209/lispy.el
Built lispy in 0.236s, finished at 2021-09-18T13:13:24+0000
 ✓ Success:
4.0K -rw-rw-r-- 1 kimr kimr  431 Aug  8 09:18 packages/lispy-20210702.1206.entry
492K -rw-rw-r-- 1 kimr kimr 490K Aug  8 09:18 packages/lispy-20210702.1206.tar
4.0K -rw-rw-r-- 1 kimr kimr  431 Sep 18 06:13 packages/lispy-20210914.1209.entry
492K -rw-rw-r-- 1 kimr kimr 490K Sep 18 06:13 packages/lispy-20210914.1209.tar
4.0K -rw-rw-r-- 1 kimr kimr 1.2K Sep 18 06:13 packages/lispy-badge.svg
8.0K -rw-rw-r-- 1 kimr kimr 4.9K Sep 18 06:13 packages/lispy-readme.txt
