Package: live-py-mode
Fetcher: github
Source:  https://github.com/donkirkby/live-py-plugin.git

Updating /home/kimr/repos/my/melpa/working/live-py-mode/
Checking out origin/HEAD
Checking out 033c5c888f8ec9f9739848ead6381b891d4c9c00
Copying files (->) and directories (=>)
  from /home/kimr/repos/my/melpa/working/live-py-mode/
  to /tmp/live-py-modezUrbKX/live-py-mode-20210701.1955
  ! emacs-live-py-mode/live-py-mode.el -> live-py-mode.el
  ! plugin/PySrc/space_tracer => space_tracer
Created live-py-mode-20210701.1955.tar containing:
  live-py-mode-20210701.1955/
  live-py-mode-20210701.1955/live-py-mode-pkg.el
  live-py-mode-20210701.1955/live-py-mode.el
  live-py-mode-20210701.1955/space_tracer/
  live-py-mode-20210701.1955/space_tracer/__init__.py
  live-py-mode-20210701.1955/space_tracer/__main__.py
  live-py-mode-20210701.1955/space_tracer/about.py
  live-py-mode-20210701.1955/space_tracer/canvas.py
  live-py-mode-20210701.1955/space_tracer/code_tracer.py
  live-py-mode-20210701.1955/space_tracer/main.py
  live-py-mode-20210701.1955/space_tracer/mock_turtle.py
  live-py-mode-20210701.1955/space_tracer/module_importers.py
  live-py-mode-20210701.1955/space_tracer/report_builder.py
  live-py-mode-20210701.1955/space_tracer/traced_finder.py
Built live-py-mode in 0.853s, finished at 2021-08-08T16:18:39+0000
 ✓ Success:
4.0K -rw-rw-r-- 1 kimr kimr  371 Aug  8 09:18 packages/live-py-mode-20210701.1955.entry
160K -rw-rw-r-- 1 kimr kimr 160K Aug  8 09:18 packages/live-py-mode-20210701.1955.tar
4.0K -rw-rw-r-- 1 kimr kimr 1.2K Aug  8 09:18 packages/live-py-mode-badge.svg
4.0K -rw-rw-r-- 1 kimr kimr  156 Aug  8 09:18 packages/live-py-mode-readme.txt
