Package: lsp-ui
Fetcher: github
Source:  https://github.com/emacs-lsp/lsp-ui.git

Updating /home/kimr/repos/my/melpa/working/lsp-ui/
Copying files (->) and directories (=>)
  from /home/kimr/repos/my/melpa/working/lsp-ui/
  to /tmp/lsp-uiOBBVAq/lsp-ui-20210718.1626
    lsp-ui-doc.el -> lsp-ui-doc.el
    lsp-ui-flycheck.el -> lsp-ui-flycheck.el
    lsp-ui-imenu.el -> lsp-ui-imenu.el
    lsp-ui-peek.el -> lsp-ui-peek.el
    lsp-ui-sideline.el -> lsp-ui-sideline.el
    lsp-ui-util.el -> lsp-ui-util.el
    lsp-ui.el -> lsp-ui.el
    lsp-ui-doc.html -> lsp-ui-doc.html
    resources => resources
Created lsp-ui-20210718.1626.tar containing:
  lsp-ui-20210718.1626/
  lsp-ui-20210718.1626/lsp-ui-doc.el
  lsp-ui-20210718.1626/lsp-ui-doc.html
  lsp-ui-20210718.1626/lsp-ui-flycheck.el
  lsp-ui-20210718.1626/lsp-ui-imenu.el
  lsp-ui-20210718.1626/lsp-ui-peek.el
  lsp-ui-20210718.1626/lsp-ui-pkg.el
  lsp-ui-20210718.1626/lsp-ui-sideline.el
  lsp-ui-20210718.1626/lsp-ui-util.el
  lsp-ui-20210718.1626/lsp-ui.el
  lsp-ui-20210718.1626/resources/
  lsp-ui-20210718.1626/resources/lightbulb.png
Built lsp-ui in 0.859s, finished at 2021-07-20T21:34:29+0000
 ✓ Success:
4.0K -rw-rw-r-- 1 kimr kimr  485 Jul 10 10:21 packages/lsp-ui-20210708.134.entry
160K -rw-rw-r-- 1 kimr kimr 160K Jul 10 10:21 packages/lsp-ui-20210708.134.tar
4.0K -rw-rw-r-- 1 kimr kimr  486 Jul 20 14:34 packages/lsp-ui-20210718.1626.entry
160K -rw-rw-r-- 1 kimr kimr 160K Jul 20 14:34 packages/lsp-ui-20210718.1626.tar
4.0K -rw-rw-r-- 1 kimr kimr 1.2K Jul 20 14:34 packages/lsp-ui-badge.svg
4.0K -rw-rw-r-- 1 kimr kimr  104 Jul 20 14:34 packages/lsp-ui-readme.txt
