Package: macrostep
Fetcher: github
Source:  https://github.com/joddie/macrostep.git

Updating /home/kimr/repos/my/melpa/working/macrostep/
Copying files (->) and directories (=>)
  from /home/kimr/repos/my/melpa/working/macrostep/
  to /tmp/macrostepAgbotB/macrostep-20161120.2106
    macrostep-c.el -> macrostep-c.el
    macrostep.el -> macrostep.el
Created macrostep-20161120.2106.tar containing:
  macrostep-20161120.2106/
  macrostep-20161120.2106/macrostep-c.el
  macrostep-20161120.2106/macrostep-pkg.el
  macrostep-20161120.2106/macrostep.el
Built macrostep in 1.480s, finished at Mon May 17 20:47:51 2021
 ✓ Success:
4.0K -rw-rw-r-- 1 kimr kimr  387 May 17 20:47 packages/macrostep-20161120.2106.entry
 60K -rw-rw-r-- 1 kimr kimr  60K May 17 20:47 packages/macrostep-20161120.2106.tar
4.0K -rw-rw-r-- 1 kimr kimr 1.2K May 17 20:47 packages/macrostep-badge.svg
 12K -rw-rw-r-- 1 kimr kimr 9.2K May 17 20:47 packages/macrostep-readme.txt
