Package: magit-popup
Fetcher: github
Source:  https://github.com/magit/magit-popup.git

Updating /home/kimr/repos/my/melpa/working/magit-popup/
Copying files (->) and directories (=>)
  from /home/kimr/repos/my/melpa/working/magit-popup/
  to /tmp/magit-popupVHdwRe/magit-popup-20200719.1015
    magit-popup.el -> magit-popup.el
    magit-popup.texi -> magit-popup.texi
Created /tmp/magit-popupVHdwRe/magit-popup-20200719.1015/magit-popup.info
Created magit-popup-20200719.1015.tar containing:
  magit-popup-20200719.1015/
  magit-popup-20200719.1015/dir
  magit-popup-20200719.1015/magit-popup-pkg.el
  magit-popup-20200719.1015/magit-popup.el
  magit-popup-20200719.1015/magit-popup.info
Built magit-popup in 0.856s, finished at 2021-07-10T17:21:44+0000
 ✓ Success:
4.0K -rw-rw-r-- 1 kimr kimr  421 Jul 10 10:21 packages/magit-popup-20200719.1015.entry
 92K -rw-rw-r-- 1 kimr kimr  90K Jul 10 10:21 packages/magit-popup-20200719.1015.tar
4.0K -rw-rw-r-- 1 kimr kimr 1.2K Jul 10 10:21 packages/magit-popup-badge.svg
4.0K -rw-rw-r-- 1 kimr kimr  343 Jul 10 10:21 packages/magit-popup-readme.txt
