Package: magit-section
Fetcher: github
Source:  https://github.com/magit/magit.git

Updating /home/kimr/repos/my/melpa/working/magit-section/
Copying files (->) and directories (=>)
  from /home/kimr/repos/my/melpa/working/magit-section/
  to /tmp/magit-sectioniUIWCQ/magit-section-20210224.1417
  ! lisp/magit-section.el -> magit-section.el
  ! Documentation/magit-section.texi -> magit-section.texi
Created /tmp/magit-sectioniUIWCQ/magit-section-20210224.1417/magit-section.info
Created magit-section-20210224.1417.tar containing:
  magit-section-20210224.1417/
  magit-section-20210224.1417/dir
  magit-section-20210224.1417/magit-section-pkg.el
  magit-section-20210224.1417/magit-section.el
  magit-section-20210224.1417/magit-section.info
Built magit-section in 1.283s, finished at Mon May 17 20:47:58 2021
 ✓ Success:
4.0K -rw-rw-r-- 1 kimr kimr  373 May 17 20:47 packages/magit-section-20210224.1417.entry
100K -rw-rw-r-- 1 kimr kimr 100K May 17 20:47 packages/magit-section-20210224.1417.tar
4.0K -rw-rw-r-- 1 kimr kimr 1.2K May 17 20:47 packages/magit-section-badge.svg
4.0K -rw-rw-r-- 1 kimr kimr  255 May 17 20:47 packages/magit-section-readme.txt
