Package: modus-themes
Fetcher: gitlab
Source:  https://gitlab.com/protesilaos/modus-themes.git

Updating /home/kimr/repos/my/melpa/working/modus-themes/
Checking out origin/main
Checking out 4fa0fcd47c14d933d38ec0f73fbacd05e8c5fe95
Copying files (->) and directories (=>)
  from /home/kimr/repos/my/melpa/working/modus-themes/
  to /tmp/modus-themessSfs7R/modus-themes-20211016.1709
    modus-operandi-theme.el -> modus-operandi-theme.el
    modus-themes.el -> modus-themes.el
    modus-vivendi-theme.el -> modus-vivendi-theme.el
  ! doc/modus-themes.info -> modus-themes.info
  ! doc/doclicense.texi -> doclicense.texi
Created /tmp/modus-themessSfs7R/modus-themes-20211016.1709/doclicense.info
Created modus-themes-20211016.1709.tar containing:
  modus-themes-20211016.1709/
  modus-themes-20211016.1709/dir
  modus-themes-20211016.1709/doclicense.info
  modus-themes-20211016.1709/modus-operandi-theme.el
  modus-themes-20211016.1709/modus-themes-pkg.el
  modus-themes-20211016.1709/modus-themes.el
  modus-themes-20211016.1709/modus-themes.info
  modus-themes-20211016.1709/modus-vivendi-theme.el
Built modus-themes in 1.728s, finished at 2021-10-19T04:52:23+0000
 ✓ Success:
4.0K -rw-rw-r-- 1 kimr kimr  415 Sep 18 06:13 packages/modus-themes-20210918.819.entry
652K -rw-rw-r-- 1 kimr kimr 650K Sep 18 06:13 packages/modus-themes-20210918.819.tar
4.0K -rw-rw-r-- 1 kimr kimr  416 Oct 18 21:52 packages/modus-themes-20211016.1709.entry
660K -rw-rw-r-- 1 kimr kimr 660K Oct 18 21:52 packages/modus-themes-20211016.1709.tar
4.0K -rw-rw-r-- 1 kimr kimr 1.2K Oct 18 21:52 packages/modus-themes-badge.svg
 12K -rw-rw-r-- 1 kimr kimr 8.3K Oct 18 21:52 packages/modus-themes-readme.txt
