Package: multi-line
Fetcher: github
Source:  https://github.com/IvanMalison/multi-line.git

Updating /home/kimr/repos/my/melpa/working/multi-line/
Checking out origin/HEAD
Checking out d5ae863ced0adeb7032ada398005f27a6c669d79
Copying files (->) and directories (=>)
  from /home/kimr/repos/my/melpa/working/multi-line/
  to /tmp/multi-linediIj7s/multi-line-20170822.226
    multi-line-candidate.el -> multi-line-candidate.el
    multi-line-cycle.el -> multi-line-cycle.el
    multi-line-decorator.el -> multi-line-decorator.el
    multi-line-enter.el -> multi-line-enter.el
    multi-line-find.el -> multi-line-find.el
    multi-line-highlight.el -> multi-line-highlight.el
    multi-line-respace.el -> multi-line-respace.el
    multi-line-shared.el -> multi-line-shared.el
    multi-line.el -> multi-line.el
Created multi-line-20170822.226.tar containing:
  multi-line-20170822.226/
  multi-line-20170822.226/multi-line-candidate.el
  multi-line-20170822.226/multi-line-cycle.el
  multi-line-20170822.226/multi-line-decorator.el
  multi-line-20170822.226/multi-line-enter.el
  multi-line-20170822.226/multi-line-find.el
  multi-line-20170822.226/multi-line-highlight.el
  multi-line-20170822.226/multi-line-pkg.el
  multi-line-20170822.226/multi-line-respace.el
  multi-line-20170822.226/multi-line-shared.el
  multi-line-20170822.226/multi-line.el
Built multi-line in 0.462s, finished at 2021-10-19T04:52:24+0000
 ✓ Success:
4.0K -rw-rw-r-- 1 kimr kimr  577 Oct 18 21:52 packages/multi-line-20170822.226.entry
 52K -rw-rw-r-- 1 kimr kimr  50K Oct 18 21:52 packages/multi-line-20170822.226.tar
4.0K -rw-rw-r-- 1 kimr kimr 1.2K Oct 18 21:52 packages/multi-line-badge.svg
4.0K -rw-rw-r-- 1 kimr kimr  325 Oct 18 21:52 packages/multi-line-readme.txt
