Package: orderless
Fetcher: github
Source:  https://github.com/oantolin/orderless.git

Cloning https://github.com/oantolin/orderless.git to /home/kimr/repos/my/melpa/working/orderless/
Checking out origin/HEAD
Checking out 1a7011ac9c476dbb083c5ead88462a5f520ef8aa
Copying files (->) and directories (=>)
  from /home/kimr/repos/my/melpa/working/orderless/
  to /tmp/orderlessugHoGs/orderless-20210812.2035
    orderless.el -> orderless.el
    orderless.texi -> orderless.texi
Created /tmp/orderlessugHoGs/orderless-20210812.2035/orderless.info
Created orderless-20210812.2035.tar containing:
  orderless-20210812.2035/
  orderless-20210812.2035/dir
  orderless-20210812.2035/orderless-pkg.el
  orderless-20210812.2035/orderless.el
  orderless-20210812.2035/orderless.info
Built orderless in 1.346s, finished at 2021-08-26T04:58:38+0000
 ✓ Success:
4.0K -rw-rw-r-- 1 kimr kimr  417 Aug 25 21:58 packages/orderless-20210812.2035.entry
 52K -rw-rw-r-- 1 kimr kimr  50K Aug 25 21:58 packages/orderless-20210812.2035.tar
4.0K -rw-rw-r-- 1 kimr kimr 1.2K Aug 25 21:58 packages/orderless-badge.svg
4.0K -rw-rw-r-- 1 kimr kimr 1.2K Aug 25 21:58 packages/orderless-readme.txt
