Package: org-pomodoro
Fetcher: github
Source:  https://github.com/marcinkoziej/org-pomodoro.git

Updating /home/kimr/repos/my/melpa/working/org-pomodoro/
Copying files (->) and directories (=>)
  from /home/kimr/repos/my/melpa/working/org-pomodoro/
  to /tmp/org-pomodoroR9d6k1/org-pomodoro-20190530.1445
    org-pomodoro-pidgin.el -> org-pomodoro-pidgin.el
    org-pomodoro.el -> org-pomodoro.el
    resources => resources
Created org-pomodoro-20190530.1445.tar containing:
  org-pomodoro-20190530.1445/
  org-pomodoro-20190530.1445/org-pomodoro-pidgin.el
  org-pomodoro-20190530.1445/org-pomodoro-pkg.el
  org-pomodoro-20190530.1445/org-pomodoro.el
  org-pomodoro-20190530.1445/resources/
  org-pomodoro-20190530.1445/resources/bell.wav
  org-pomodoro-20190530.1445/resources/bell_multiple.wav
  org-pomodoro-20190530.1445/resources/tick.wav
Built org-pomodoro in 1.336s, finished at Fri Mar 12 19:33:42 2021
 ✓ Success:
4.0K -rw-rw-r-- 1 kimr kimr  395 Mar 12 19:33 packages/org-pomodoro-20190530.1445.entry
152K -rw-rw-r-- 1 kimr kimr 150K Mar 12 19:33 packages/org-pomodoro-20190530.1445.tar
4.0K -rw-rw-r-- 1 kimr kimr 1.2K Mar 12 19:33 packages/org-pomodoro-badge.svg
4.0K -rw-rw-r-- 1 kimr kimr  423 Mar 12 19:33 packages/org-pomodoro-readme.txt
