Package: org-ql
Fetcher: github
Source:  https://github.com/alphapapa/org-ql.git

Updating /home/kimr/repos/my/melpa/working/org-ql/
Checking out origin/HEAD
Checking out 31aeb0a2505acf8044c07824888ddec7f3e529c1
Copying files (->) and directories (=>)
  from /home/kimr/repos/my/melpa/working/org-ql/
  to /tmp/org-qlNfp4JX/org-ql-20210922.615
    org-ql-search.el -> org-ql-search.el
    org-ql-view.el -> org-ql-view.el
    org-ql.el -> org-ql.el
    org-ql.info -> org-ql.info
Created org-ql-20210922.615.tar containing:
  org-ql-20210922.615/
  org-ql-20210922.615/dir
  org-ql-20210922.615/org-ql-pkg.el
  org-ql-20210922.615/org-ql-search.el
  org-ql-20210922.615/org-ql-view.el
  org-ql-20210922.615/org-ql.el
  org-ql-20210922.615/org-ql.info
Built org-ql in 0.232s, finished at 2021-10-19T04:52:41+0000
 ✓ Success:
4.0K -rw-rw-r-- 1 kimr kimr  609 Jul 20 14:35 packages/org-ql-20210713.233.entry
260K -rw-rw-r-- 1 kimr kimr 260K Jul 20 14:35 packages/org-ql-20210713.233.tar
4.0K -rw-rw-r-- 1 kimr kimr  609 Oct 18 21:52 packages/org-ql-20210922.615.entry
260K -rw-rw-r-- 1 kimr kimr 260K Oct 18 21:52 packages/org-ql-20210922.615.tar
4.0K -rw-rw-r-- 1 kimr kimr 1.2K Oct 18 21:52 packages/org-ql-badge.svg
4.0K -rw-rw-r-- 1 kimr kimr  272 Oct 18 21:52 packages/org-ql-readme.txt
