Package: org-re-reveal
Fetcher: gitlab
Source:  https://gitlab.com/oer/org-re-reveal.git

Updating /home/kimr/repos/my/melpa/working/org-re-reveal/
Copying files (->) and directories (=>)
  from /home/kimr/repos/my/melpa/working/org-re-reveal/
  to /tmp/org-re-revealf3L0EU/org-re-reveal-20210507.1615
    org-re-reveal.el -> org-re-reveal.el
    ox-re-reveal.el -> ox-re-reveal.el
Created org-re-reveal-20210507.1615.tar containing:
  org-re-reveal-20210507.1615/
  org-re-reveal-20210507.1615/org-re-reveal-pkg.el
  org-re-reveal-20210507.1615/org-re-reveal.el
  org-re-reveal-20210507.1615/ox-re-reveal.el
Built org-re-reveal in 1.509s, finished at Mon May 17 20:48:40 2021
 ✓ Success:
4.0K -rw-rw-r-- 1 kimr kimr  346 Mar 12 19:33 packages/org-re-reveal-20210121.1011.entry
120K -rw-rw-r-- 1 kimr kimr 120K Mar 12 19:33 packages/org-re-reveal-20210121.1011.tar
4.0K -rw-rw-r-- 1 kimr kimr  346 May 17 20:48 packages/org-re-reveal-20210507.1615.entry
120K -rw-rw-r-- 1 kimr kimr 120K May 17 20:48 packages/org-re-reveal-20210507.1615.tar
4.0K -rw-rw-r-- 1 kimr kimr 1.2K May 17 20:48 packages/org-re-reveal-badge.svg
4.0K -rw-rw-r-- 1 kimr kimr 1.7K May 17 20:48 packages/org-re-reveal-readme.txt
