Package: org-roam
Fetcher: github
Source:  https://github.com/org-roam/org-roam.git

Updating /home/kimr/repos/my/melpa/working/org-roam/
Checking out origin/HEAD
Checking out 852042436ed4282a0521604d5f98f69d01f14272
Copying files (->) and directories (=>)
  from /home/kimr/repos/my/melpa/working/org-roam/
  to /tmp/org-roamz5tWAM/org-roam-20211017.1113
    org-roam-capture.el -> org-roam-capture.el
    org-roam-compat.el -> org-roam-compat.el
    org-roam-db.el -> org-roam-db.el
    org-roam-migrate.el -> org-roam-migrate.el
    org-roam-mode.el -> org-roam-mode.el
    org-roam-node.el -> org-roam-node.el
    org-roam-utils.el -> org-roam-utils.el
    org-roam.el -> org-roam.el
  ! doc/org-roam.texi -> org-roam.texi
  ! extensions/org-roam-dailies.el -> org-roam-dailies.el
  ! extensions/org-roam-graph.el -> org-roam-graph.el
  ! extensions/org-roam-overlay.el -> org-roam-overlay.el
  ! extensions/org-roam-protocol.el -> org-roam-protocol.el
Created /tmp/org-roamz5tWAM/org-roam-20211017.1113/org-roam.info
Created org-roam-20211017.1113.tar containing:
  org-roam-20211017.1113/
  org-roam-20211017.1113/dir
  org-roam-20211017.1113/org-roam-capture.el
  org-roam-20211017.1113/org-roam-compat.el
  org-roam-20211017.1113/org-roam-dailies.el
  org-roam-20211017.1113/org-roam-db.el
  org-roam-20211017.1113/org-roam-graph.el
  org-roam-20211017.1113/org-roam-migrate.el
  org-roam-20211017.1113/org-roam-mode.el
  org-roam-20211017.1113/org-roam-node.el
  org-roam-20211017.1113/org-roam-overlay.el
  org-roam-20211017.1113/org-roam-pkg.el
  org-roam-20211017.1113/org-roam-protocol.el
  org-roam-20211017.1113/org-roam-utils.el
  org-roam-20211017.1113/org-roam.el
  org-roam-20211017.1113/org-roam.info
Built org-roam in 0.868s, finished at 2021-10-19T04:52:44+0000
 ✓ Success:
4.0K -rw-rw-r-- 1 kimr kimr  573 Sep 18 06:13 packages/org-roam-20210901.1143.entry
320K -rw-rw-r-- 1 kimr kimr 320K Sep 18 06:13 packages/org-roam-20210901.1143.tar
4.0K -rw-rw-r-- 1 kimr kimr  573 Oct 18 21:52 packages/org-roam-20211017.1113.entry
320K -rw-rw-r-- 1 kimr kimr 320K Oct 18 21:52 packages/org-roam-20211017.1113.tar
4.0K -rw-rw-r-- 1 kimr kimr 1.2K Oct 18 21:52 packages/org-roam-badge.svg
4.0K -rw-rw-r-- 1 kimr kimr 2.1K Oct 18 21:52 packages/org-roam-readme.txt
4.0K -rw-rw-r-- 1 kimr kimr  531 Sep 18 06:13 packages/org-roam-server-20210723.1424.entry
1.3M -rw-rw-r-- 1 kimr kimr 1.3M Sep 18 06:13 packages/org-roam-server-20210723.1424.tar
4.0K -rw-rw-r-- 1 kimr kimr 1.2K Sep 18 06:13 packages/org-roam-server-badge.svg
4.0K -rw-rw-r-- 1 kimr kimr 1.7K Sep 18 06:13 packages/org-roam-server.log
4.0K -rw-rw-r-- 1 kimr kimr  166 Sep 18 06:13 packages/org-roam-server-readme.txt
