Package: org-roam-server
Fetcher: github
Source:  https://github.com/org-roam/org-roam-server.git

Updating /home/kimr/repos/my/melpa/working/org-roam-server/
Copying files (->) and directories (=>)
  from /home/kimr/repos/my/melpa/working/org-roam-server/
  to /tmp/org-roam-server9MEdIe/org-roam-server-20210517.1731
    org-roam-server.el -> org-roam-server.el
    index.html -> index.html
    assets => assets
Created org-roam-server-20210517.1731.tar containing:
  org-roam-server-20210517.1731/
  org-roam-server-20210517.1731/assets/
  org-roam-server-20210517.1731/assets/bootstrap-toggle.min.css
  org-roam-server-20210517.1731/assets/bootstrap-toggle.min.js
  org-roam-server-20210517.1731/assets/bootstrap.min.css
  org-roam-server-20210517.1731/assets/bootstrap.min.js
  org-roam-server-20210517.1731/assets/jquery-3.5.0.min.js
  org-roam-server-20210517.1731/assets/org.css
  org-roam-server-20210517.1731/assets/select2.min.css
  org-roam-server-20210517.1731/assets/select2.min.js
  org-roam-server-20210517.1731/assets/vis-network.min.js
  org-roam-server-20210517.1731/index.html
  org-roam-server-20210517.1731/org-roam-server-pkg.el
  org-roam-server-20210517.1731/org-roam-server.el
Built org-roam-server in 1.059s, finished at Mon May 17 20:48:44 2021
 ✓ Success:
4.0K -rw-rw-r-- 1 kimr kimr  531 Mar 12 19:33 packages/org-roam-server-20210312.1125.entry
1.3M -rw-rw-r-- 1 kimr kimr 1.3M Mar 12 19:33 packages/org-roam-server-20210312.1125.tar
4.0K -rw-rw-r-- 1 kimr kimr  531 May 17 20:48 packages/org-roam-server-20210517.1731.entry
1.3M -rw-rw-r-- 1 kimr kimr 1.3M May 17 20:48 packages/org-roam-server-20210517.1731.tar
4.0K -rw-rw-r-- 1 kimr kimr 1.2K May 17 20:48 packages/org-roam-server-badge.svg
4.0K -rw-rw-r-- 1 kimr kimr  166 May 17 20:48 packages/org-roam-server-readme.txt
