Package: origami
Fetcher: github
Source:  https://github.com/gregsexton/origami.el.git

Updating /home/kimr/repos/my/melpa/working/origami/
Copying files (->) and directories (=>)
  from /home/kimr/repos/my/melpa/working/origami/
  to /tmp/origamiizHv1W/origami-20200331.1019
    origami-parsers.el -> origami-parsers.el
    origami.el -> origami.el
Created origami-20200331.1019.tar containing:
  origami-20200331.1019/
  origami-20200331.1019/origami-parsers.el
  origami-20200331.1019/origami-pkg.el
  origami-20200331.1019/origami.el
Built origami in 1.150s, finished at Mon May 17 20:48:48 2021
 ✓ Success:
4.0K -rw-rw-r-- 1 kimr kimr  415 May 17 20:48 packages/origami-20200331.1019.entry
 60K -rw-rw-r-- 1 kimr kimr  60K May 17 20:48 packages/origami-20200331.1019.tar
4.0K -rw-rw-r-- 1 kimr kimr 1.2K May 17 20:48 packages/origami-badge.svg
   0 -rw-rw-r-- 1 kimr kimr    0 May 17 20:48 packages/origami-readme.txt
