Package: parseclj
Fetcher: github
Source:  https://github.com/clojure-emacs/parseclj.git

Updating /home/kimr/repos/my/melpa/working/parseclj/
Checking out origin/HEAD
Checking out eff941126859bc9e949eae5cd6c2592e731629f2
Copying files (->) and directories (=>)
  from /home/kimr/repos/my/melpa/working/parseclj/
  to /tmp/parseclj1bSETi/parseclj-20201012.712
    parseclj-ast.el -> parseclj-ast.el
    parseclj-lex.el -> parseclj-lex.el
    parseclj-parser.el -> parseclj-parser.el
    parseclj.el -> parseclj.el
Created parseclj-20201012.712.tar containing:
  parseclj-20201012.712/
  parseclj-20201012.712/parseclj-ast.el
  parseclj-20201012.712/parseclj-lex.el
  parseclj-20201012.712/parseclj-parser.el
  parseclj-20201012.712/parseclj-pkg.el
  parseclj-20201012.712/parseclj.el
Built parseclj in 0.322s, finished at 2021-08-08T16:19:03+0000
 ✓ Success:
4.0K -rw-rw-r-- 1 kimr kimr  352 Aug  8 09:19 packages/parseclj-20201012.712.entry
 52K -rw-rw-r-- 1 kimr kimr  50K Aug  8 09:19 packages/parseclj-20201012.712.tar
4.0K -rw-rw-r-- 1 kimr kimr 1.2K Aug  8 09:19 packages/parseclj-badge.svg
4.0K -rw-rw-r-- 1 kimr kimr   38 Aug  8 09:19 packages/parseclj-readme.txt
