Package: pdf-tools
Fetcher: github
Source:  https://github.com/vedang/pdf-tools.git

Cloning https://github.com/vedang/pdf-tools.git to /home/kimr/repos/my/melpa/working/pdf-tools/
Copying files (->) and directories (=>)
  from /home/kimr/repos/my/melpa/working/pdf-tools/
  to /tmp/pdf-toolsMGVIwP/pdf-tools-20210511.1739
  ! lisp/pdf-annot.el -> pdf-annot.el
  ! lisp/pdf-cache.el -> pdf-cache.el
  ! lisp/pdf-dev.el -> pdf-dev.el
  ! lisp/pdf-history.el -> pdf-history.el
  ! lisp/pdf-info.el -> pdf-info.el
  ! lisp/pdf-isearch.el -> pdf-isearch.el
  ! lisp/pdf-links.el -> pdf-links.el
  ! lisp/pdf-loader.el -> pdf-loader.el
  ! lisp/pdf-macs.el -> pdf-macs.el
  ! lisp/pdf-misc.el -> pdf-misc.el
  ! lisp/pdf-occur.el -> pdf-occur.el
  ! lisp/pdf-outline.el -> pdf-outline.el
  ! lisp/pdf-sync.el -> pdf-sync.el
  ! lisp/pdf-tools.el -> pdf-tools.el
  ! lisp/pdf-util.el -> pdf-util.el
  ! lisp/pdf-view.el -> pdf-view.el
  ! lisp/pdf-virtual.el -> pdf-virtual.el
    README -> README
Created pdf-tools-20210511.1739.tar containing:
  pdf-tools-20210511.1739/
  pdf-tools-20210511.1739/README
  pdf-tools-20210511.1739/pdf-annot.el
  pdf-tools-20210511.1739/pdf-cache.el
  pdf-tools-20210511.1739/pdf-dev.el
  pdf-tools-20210511.1739/pdf-history.el
  pdf-tools-20210511.1739/pdf-info.el
  pdf-tools-20210511.1739/pdf-isearch.el
  pdf-tools-20210511.1739/pdf-links.el
  pdf-tools-20210511.1739/pdf-loader.el
  pdf-tools-20210511.1739/pdf-macs.el
  pdf-tools-20210511.1739/pdf-misc.el
  pdf-tools-20210511.1739/pdf-occur.el
  pdf-tools-20210511.1739/pdf-outline.el
  pdf-tools-20210511.1739/pdf-sync.el
  pdf-tools-20210511.1739/pdf-tools-pkg.el
  pdf-tools-20210511.1739/pdf-tools.el
  pdf-tools-20210511.1739/pdf-util.el
  pdf-tools-20210511.1739/pdf-view.el
  pdf-tools-20210511.1739/pdf-virtual.el
Built pdf-tools in 2.101s, finished at Mon May 17 20:49:20 2021
 ✓ Success:
4.0K -rw-rw-r-- 1 kimr kimr  398 Mar 12 19:34 packages/pdf-tools-20200512.1524.entry
492K -rw-rw-r-- 1 kimr kimr 490K Mar 12 19:34 packages/pdf-tools-20200512.1524.tar
4.0K -rw-rw-r-- 1 kimr kimr  450 May 17 20:49 packages/pdf-tools-20210511.1739.entry
500K -rw-rw-r-- 1 kimr kimr 500K May 17 20:49 packages/pdf-tools-20210511.1739.tar
4.0K -rw-rw-r-- 1 kimr kimr 1.2K May 17 20:49 packages/pdf-tools-badge.svg
4.0K -rw-rw-r-- 1 kimr kimr 1.7K May 17 20:49 packages/pdf-tools-readme.txt
