Package: promise
Fetcher: github
Source:  https://github.com/chuntaro/emacs-promise.git

Cloning https://github.com/chuntaro/emacs-promise.git to /home/kimr/repos/my/melpa/working/promise/
Copying files (->) and directories (=>)
  from /home/kimr/repos/my/melpa/working/promise/
  to /tmp/promiseEsW9xT/promise-20210307.727
    promise-core.el -> promise-core.el
    promise-done.el -> promise-done.el
    promise-es6-extensions.el -> promise-es6-extensions.el
    promise-finally.el -> promise-finally.el
    promise-rejection-tracking.el -> promise-rejection-tracking.el
    promise.el -> promise.el
Created promise-20210307.727.tar containing:
  promise-20210307.727/
  promise-20210307.727/promise-core.el
  promise-20210307.727/promise-done.el
  promise-20210307.727/promise-es6-extensions.el
  promise-20210307.727/promise-finally.el
  promise-20210307.727/promise-pkg.el
  promise-20210307.727/promise-rejection-tracking.el
  promise-20210307.727/promise.el
Built promise in 2.289s, finished at 2021-07-24T21:50:11+0000
 ✓ Success:
4.0K -rw-rw-r-- 1 kimr kimr  362 Jul 24 14:50 packages/promise-20210307.727.entry
 72K -rw-rw-r-- 1 kimr kimr  70K Jul 24 14:50 packages/promise-20210307.727.tar
4.0K -rw-rw-r-- 1 kimr kimr 1.2K Jul 24 14:50 packages/promise-badge.svg
4.0K -rw-rw-r-- 1 kimr kimr 1.5K Jul 24 14:50 packages/promise-readme.txt
