Package: skewer-mode
Fetcher: github
Source:  https://github.com/skeeto/skewer-mode.git

Updating /home/kimr/repos/my/melpa/working/skewer-mode/
Copying files (->) and directories (=>)
  from /home/kimr/repos/my/melpa/working/skewer-mode/
  to /tmp/skewer-modeULKzMJ/skewer-mode-20200304.1142
    example.html -> example.html
    skewer-everything.user.js -> skewer-everything.user.js
    skewer.js -> skewer.js
    cache-table.el -> cache-table.el
    skewer-bower.el -> skewer-bower.el
    skewer-css.el -> skewer-css.el
    skewer-html.el -> skewer-html.el
    skewer-mode-pkg.el -> skewer-mode-pkg.el
    skewer-mode.el -> skewer-mode.el
    skewer-repl.el -> skewer-repl.el
    skewer-setup.el -> skewer-setup.el
Created skewer-mode-20200304.1142.tar containing:
  skewer-mode-20200304.1142/
  skewer-mode-20200304.1142/cache-table.el
  skewer-mode-20200304.1142/example.html
  skewer-mode-20200304.1142/skewer-bower.el
  skewer-mode-20200304.1142/skewer-css.el
  skewer-mode-20200304.1142/skewer-everything.user.js
  skewer-mode-20200304.1142/skewer-html.el
  skewer-mode-20200304.1142/skewer-mode-pkg.el
  skewer-mode-20200304.1142/skewer-mode.el
  skewer-mode-20200304.1142/skewer-repl.el
  skewer-mode-20200304.1142/skewer-setup.el
  skewer-mode-20200304.1142/skewer.js
Built skewer-mode in 0.780s, finished at 2021-07-20T21:36:11+0000
 ✓ Success:
4.0K -rw-rw-r-- 1 kimr kimr  459 Jul 20 14:36 packages/skewer-mode-20200304.1142.entry
 80K -rw-rw-r-- 1 kimr kimr  80K Jul 20 14:36 packages/skewer-mode-20200304.1142.tar
4.0K -rw-rw-r-- 1 kimr kimr 1.2K Jul 20 14:36 packages/skewer-mode-badge.svg
4.0K -rw-rw-r-- 1 kimr kimr 3.1K Jul 20 14:36 packages/skewer-mode-readme.txt
