Package: spaceline-all-the-icons
Fetcher: github
Source:  https://github.com/domtronn/spaceline-all-the-icons.el.git

Updating /home/kimr/repos/my/melpa/working/spaceline-all-the-icons/
Checking out origin/HEAD
Checking out 5afd48c10f1bd42d9b9648c5e64596b72f3e9042
Copying files (->) and directories (=>)
  from /home/kimr/repos/my/melpa/working/spaceline-all-the-icons/
  to /tmp/spaceline-all-the-iconsOLl4jF/spaceline-all-the-icons-20190325.1602
    spaceline-all-the-icons-segments.el -> spaceline-all-the-icons-segments.el
    spaceline-all-the-icons-separators.el -> spaceline-all-the-icons-separators.el
    spaceline-all-the-icons.el -> spaceline-all-the-icons.el
Created spaceline-all-the-icons-20190325.1602.tar containing:
  spaceline-all-the-icons-20190325.1602/
  spaceline-all-the-icons-20190325.1602/spaceline-all-the-icons-pkg.el
  spaceline-all-the-icons-20190325.1602/spaceline-all-the-icons-segments.el
  spaceline-all-the-icons-20190325.1602/spaceline-all-the-icons-separators.el
  spaceline-all-the-icons-20190325.1602/spaceline-all-the-icons.el
Built spaceline-all-the-icons in 0.292s, finished at 2021-10-19T04:53:38+0000
 ✓ Success:
4.0K -rw-rw-r-- 1 kimr kimr  544 Oct 18 21:53 packages/spaceline-all-the-icons-20190325.1602.entry
100K -rw-rw-r-- 1 kimr kimr 100K Oct 18 21:53 packages/spaceline-all-the-icons-20190325.1602.tar
4.0K -rw-rw-r-- 1 kimr kimr 1.2K Oct 18 21:53 packages/spaceline-all-the-icons-badge.svg
4.0K -rw-rw-r-- 1 kimr kimr 3.0K Oct 18 21:53 packages/spaceline-all-the-icons-readme.txt
