Package: transient
Fetcher: github
Source:  https://github.com/magit/transient.git

Updating /home/kimr/repos/my/melpa/working/transient/
Checking out origin/HEAD
Checking out 45975c24e1ab08bb32e9bdc06f5c5efe7c256e16
Copying files (->) and directories (=>)
  from /home/kimr/repos/my/melpa/working/transient/
  to /tmp/transientgy7eeV/transient-20211013.2148
  ! lisp/transient.el -> transient.el
  ! docs/transient.texi -> transient.texi
Created /tmp/transientgy7eeV/transient-20211013.2148/transient.info
Created transient-20211013.2148.tar containing:
  transient-20211013.2148/
  transient-20211013.2148/dir
  transient-20211013.2148/transient-pkg.el
  transient-20211013.2148/transient.el
  transient-20211013.2148/transient.info
Built transient in 0.650s, finished at 2021-10-19T04:53:48+0000
 ✓ Success:
4.0K -rw-rw-r-- 1 kimr kimr  362 Sep 18 06:13 packages/transient-20210819.2118.entry
260K -rw-rw-r-- 1 kimr kimr 260K Sep 18 06:13 packages/transient-20210819.2118.tar
4.0K -rw-rw-r-- 1 kimr kimr  362 Oct 18 21:53 packages/transient-20211013.2148.entry
260K -rw-rw-r-- 1 kimr kimr 260K Oct 18 21:53 packages/transient-20211013.2148.tar
4.0K -rw-rw-r-- 1 kimr kimr 1.2K Oct 18 21:53 packages/transient-badge.svg
4.0K -rw-rw-r-- 1 kimr kimr  994 Oct 18 21:53 packages/transient-readme.txt
