Package: use-package
Fetcher: github
Source:  https://github.com/jwiegley/use-package.git

Updating /home/kimr/repos/my/melpa/working/use-package/
Copying files (->) and directories (=>)
  from /home/kimr/repos/my/melpa/working/use-package/
  to /tmp/use-packageX9tp1D/use-package-20210207.1926
    use-package-bind-key.el -> use-package-bind-key.el
    use-package-core.el -> use-package-core.el
    use-package-delight.el -> use-package-delight.el
    use-package-diminish.el -> use-package-diminish.el
    use-package-ensure.el -> use-package-ensure.el
    use-package-jump.el -> use-package-jump.el
    use-package-lint.el -> use-package-lint.el
    use-package.el -> use-package.el
    use-package.texi -> use-package.texi
Created /tmp/use-packageX9tp1D/use-package-20210207.1926/use-package.info
Created use-package-20210207.1926.tar containing:
  use-package-20210207.1926/
  use-package-20210207.1926/dir
  use-package-20210207.1926/use-package-bind-key.el
  use-package-20210207.1926/use-package-core.el
  use-package-20210207.1926/use-package-delight.el
  use-package-20210207.1926/use-package-diminish.el
  use-package-20210207.1926/use-package-ensure.el
  use-package-20210207.1926/use-package-jump.el
  use-package-20210207.1926/use-package-lint.el
  use-package-20210207.1926/use-package-pkg.el
  use-package-20210207.1926/use-package.el
  use-package-20210207.1926/use-package.info
Built use-package in 1.250s, finished at Mon May 17 20:50:51 2021
 ✓ Success:
4.0K -rw-rw-r-- 1 kimr kimr  474 May 17 20:50 packages/use-package-20210207.1926.entry
140K -rw-rw-r-- 1 kimr kimr 140K May 17 20:50 packages/use-package-20210207.1926.tar
4.0K -rw-rw-r-- 1 kimr kimr 1.2K May 17 20:50 packages/use-package-badge.svg
4.0K -rw-rw-r-- 1 kimr kimr  432 May 17 20:50 packages/use-package-readme.txt
