Package: window-purpose
Fetcher: github
Source:  https://github.com/bmag/emacs-purpose.git

Updating /home/kimr/repos/my/melpa/working/window-purpose/
Copying files (->) and directories (=>)
  from /home/kimr/repos/my/melpa/working/window-purpose/
  to /tmp/window-purposexfXWT6/window-purpose-20210309.1531
    window-purpose-configuration.el -> window-purpose-configuration.el
    window-purpose-core.el -> window-purpose-core.el
    window-purpose-fixes.el -> window-purpose-fixes.el
    window-purpose-layout.el -> window-purpose-layout.el
    window-purpose-prefix-overload.el -> window-purpose-prefix-overload.el
    window-purpose-switch.el -> window-purpose-switch.el
    window-purpose-utils.el -> window-purpose-utils.el
    window-purpose-x.el -> window-purpose-x.el
    window-purpose.el -> window-purpose.el
    layouts => layouts
Created window-purpose-20210309.1531.tar containing:
  window-purpose-20210309.1531/
  window-purpose-20210309.1531/layouts/
  window-purpose-20210309.1531/layouts/edit-terminal-general.window-layout
  window-purpose-20210309.1531/layouts/edit-terminal.window-layout
  window-purpose-20210309.1531/window-purpose-configuration.el
  window-purpose-20210309.1531/window-purpose-core.el
  window-purpose-20210309.1531/window-purpose-fixes.el
  window-purpose-20210309.1531/window-purpose-layout.el
  window-purpose-20210309.1531/window-purpose-pkg.el
  window-purpose-20210309.1531/window-purpose-prefix-overload.el
  window-purpose-20210309.1531/window-purpose-switch.el
  window-purpose-20210309.1531/window-purpose-utils.el
  window-purpose-20210309.1531/window-purpose-x.el
  window-purpose-20210309.1531/window-purpose.el
Built window-purpose in 0.698s, finished at Mon Mar 15 10:00:01 2021
 ✓ Success:
4.0K -rw-rw-r-- 1 kimr kimr  377 Mar 15 10:00 packages/window-purpose-20210309.1531.entry
200K -rw-rw-r-- 1 kimr kimr 200K Mar 15 10:00 packages/window-purpose-20210309.1531.tar
4.0K -rw-rw-r-- 1 kimr kimr 1.2K Mar 15 10:00 packages/window-purpose-badge.svg
4.0K -rw-rw-r-- 1 kimr kimr 1.4K Mar 15 10:00 packages/window-purpose-readme.txt
