Package: with-editor
Fetcher: github
Source:  https://github.com/magit/with-editor.git

Updating /home/kimr/repos/my/melpa/working/with-editor/
Checking out origin/HEAD
Checking out 8d52f933e50624c7bca3880f57297ac17ba4ac2d
Copying files (->) and directories (=>)
  from /home/kimr/repos/my/melpa/working/with-editor/
  to /tmp/with-editor2pcylm/with-editor-20211015.1917
    with-editor.el -> with-editor.el
    with-editor.texi -> with-editor.texi
Created /tmp/with-editor2pcylm/with-editor-20211015.1917/with-editor.info
Created with-editor-20211015.1917.tar containing:
  with-editor-20211015.1917/
  with-editor-20211015.1917/dir
  with-editor-20211015.1917/with-editor-pkg.el
  with-editor-20211015.1917/with-editor.el
  with-editor-20211015.1917/with-editor.info
Built with-editor in 0.661s, finished at 2021-10-19T04:54:06+0000
 ✓ Success:
4.0K -rw-rw-r-- 1 kimr kimr  381 Sep 18 06:13 packages/with-editor-20210524.1654.entry
 72K -rw-rw-r-- 1 kimr kimr  70K Sep 18 06:13 packages/with-editor-20210524.1654.tar
4.0K -rw-rw-r-- 1 kimr kimr  381 Oct 18 21:54 packages/with-editor-20211015.1917.entry
 72K -rw-rw-r-- 1 kimr kimr  70K Oct 18 21:54 packages/with-editor-20211015.1917.tar
4.0K -rw-rw-r-- 1 kimr kimr 1.2K Oct 18 21:54 packages/with-editor-badge.svg
4.0K -rw-rw-r-- 1 kimr kimr 2.3K Oct 18 21:54 packages/with-editor-readme.txt
