Package: ycmd
Fetcher: github
Source:  https://github.com/abingham/emacs-ycmd.git

Updating /home/kimr/repos/my/melpa/working/ycmd/
Copying files (->) and directories (=>)
  from /home/kimr/repos/my/melpa/working/ycmd/
  to /tmp/ycmd86ASXo/ycmd-20190416.807
    ycmd.el -> ycmd.el
    ycmd-eldoc.el -> ycmd-eldoc.el
  ! contrib/ycmd-next-error.el -> ycmd-next-error.el
Created ycmd-20190416.807.tar containing:
  ycmd-20190416.807/
  ycmd-20190416.807/ycmd-eldoc.el
  ycmd-20190416.807/ycmd-next-error.el
  ycmd-20190416.807/ycmd-pkg.el
  ycmd-20190416.807/ycmd.el
Built ycmd in 0.858s, finished at 2021-07-20T21:37:01+0000
 ✓ Success:
4.0K -rw-rw-r-- 1 kimr kimr  406 Jul 20 14:37 packages/ycmd-20190416.807.entry
112K -rw-rw-r-- 1 kimr kimr 110K Jul 20 14:37 packages/ycmd-20190416.807.tar
4.0K -rw-rw-r-- 1 kimr kimr 1.2K Jul 20 14:37 packages/ycmd-badge.svg
4.0K -rw-rw-r-- 1 kimr kimr 2.5K Jul 20 14:37 packages/ycmd-readme.txt
